#
# There is insufficient memory for the Java Runtime Environment to continue.
# Native memory allocation (mmap) failed to map 134217728 bytes for G1 virtual space
# Possible reasons:
#   The system is out of physical RAM or swap space
#   The process is running with CompressedOops enabled, and the Java Heap may be blocking the growth of the native heap
# Possible solutions:
#   Reduce memory load on the system
#   Increase physical memory or swap space
#   Check if swap backing store is full
#   Decrease Java heap size (-Xmx/-Xms)
#   Decrease number of Java threads
#   Decrease Java thread stack sizes (-Xss)
#   Set larger code cache with -XX:ReservedCodeCacheSize=
#   JVM is running with Zero Based Compressed Oops mode in which the Java heap is
#     placed in the first 32GB address space. The Java Heap base address is the
#     maximum limit for the native heap growth. Please use -XX:HeapBaseMinAddress
#     to set the Java Heap base and to place the Java Heap above 32GB virtual address.
# This output file may be truncated or incomplete.
#
#  Out of Memory Error (os_windows.cpp:3536), pid=15472, tid=2112
#
# JRE version: Java(TM) SE Runtime Environment (19.0.2+7) (build 19.0.2+7-44)
# Java VM: Java HotSpot(TM) 64-Bit Server VM (19.0.2+7-44, mixed mode, sharing, tiered, compressed oops, compressed class ptrs, g1 gc, windows-amd64)
# No core dump will be written. Minidumps are not enabled by default on client versions of Windows
#

---------------  S U M M A R Y ------------

Command Line: -javaagent:C:\Program Files\JetBrains\IntelliJ IDEA Community Edition 2023.3.5\lib\idea_rt.jar=64250:C:\Program Files\JetBrains\IntelliJ IDEA Community Edition 2023.3.5\bin -Dfile.encoding=UTF-8 -Dsun.stdout.encoding=UTF-8 -Dsun.stderr.encoding=UTF-8 com.bantads.auth.AuthApplication

Host: 11th Gen Intel(R) Core(TM) i3-1115G4 @ 3.00GHz, 4 cores, 19G,  Windows 11 , 64 bit Build 22621 (10.0.22621.3672)
Time: Thu Aug  1 17:32:32 2024 Hora oficial do Brasil elapsed time: 49.820927 seconds (0d 0h 0m 49s)

---------------  T H R E A D  ---------------

Current thread (0x0000028d3a721f40):  VMThread "VM Thread" [stack: 0x000000f6f4300000,0x000000f6f4400000] [id=2112]

Stack: [0x000000f6f4300000,0x000000f6f4400000]
Native frames: (J=compiled Java code, j=interpreted, Vv=VM code, C=native code)
V  [jvm.dll+0x6ee21a]
V  [jvm.dll+0x85765e]
V  [jvm.dll+0x85904e]
V  [jvm.dll+0x859703]
V  [jvm.dll+0x28298f]
V  [jvm.dll+0x6eb009]
V  [jvm.dll+0x6dfbaa]
V  [jvm.dll+0x3573f6]
V  [jvm.dll+0x35ee56]
V  [jvm.dll+0x3b541e]
V  [jvm.dll+0x3b564f]
V  [jvm.dll+0x32c9ea]
V  [jvm.dll+0x32ca97]
V  [jvm.dll+0x374cd2]
V  [jvm.dll+0x37340f]
V  [jvm.dll+0x32c210]
V  [jvm.dll+0x3729ab]
V  [jvm.dll+0x85ebc3]
V  [jvm.dll+0x85f989]
V  [jvm.dll+0x85febd]
V  [jvm.dll+0x86034b]
V  [jvm.dll+0x860407]
V  [jvm.dll+0x80125a]
V  [jvm.dll+0x6ecf0b]
C  [ucrtbase.dll+0x29333]
C  [KERNEL32.DLL+0x1257d]
C  [ntdll.dll+0x5af28]

VM_Operation (0x000000f6f5dfd6e0): G1CollectForAllocation, mode: safepoint, requested by thread 0x0000028d434dff60


---------------  P R O C E S S  ---------------

Threads class SMR info:
_java_thread_list=0x0000028d43d91e30, length=43, elements={
0x0000028d40c0ad30, 0x0000028d40c0b800, 0x0000028d40c13400, 0x0000028d40c14140,
0x0000028d40c15c20, 0x0000028d40c17970, 0x0000028d40c185d0, 0x0000028d40c1f4c0,
0x0000028d40c20640, 0x0000028d40ceab80, 0x0000028d40fc84c0, 0x0000028d40fc8a00,
0x0000028d433cf780, 0x0000028d43857130, 0x0000028d435509a0, 0x0000028d434dea20,
0x0000028d434def70, 0x0000028d434df4c0, 0x0000028d434de4d0, 0x0000028d434dff60,
0x0000028d434dca40, 0x0000028d434dcf90, 0x0000028d434ddf80, 0x0000028d434dd4e0,
0x0000028d434dda30, 0x0000028d43f97700, 0x0000028d43f91210, 0x0000028d43f97c50,
0x0000028d43f92ca0, 0x0000028d43f931f0, 0x0000028d43f91cb0, 0x0000028d43f96710,
0x0000028d43f93740, 0x0000028d43f93c90, 0x0000028d43f986f0, 0x0000028d43f95720,
0x0000028d43f941e0, 0x0000028d43f981a0, 0x0000028d43f96c60, 0x0000028d43f91760,
0x0000028d43f971b0, 0x0000028d43f961c0, 0x0000028d43f92200
}

Java Threads: ( => current thread )
  0x0000028d40c0ad30 JavaThread "Reference Handler" daemon [_thread_blocked, id=11452, stack(0x000000f6f4400000,0x000000f6f4500000)]
  0x0000028d40c0b800 JavaThread "Finalizer" daemon [_thread_blocked, id=18692, stack(0x000000f6f4500000,0x000000f6f4600000)]
  0x0000028d40c13400 JavaThread "Signal Dispatcher" daemon [_thread_blocked, id=19248, stack(0x000000f6f4600000,0x000000f6f4700000)]
  0x0000028d40c14140 JavaThread "Attach Listener" daemon [_thread_blocked, id=15612, stack(0x000000f6f4700000,0x000000f6f4800000)]
  0x0000028d40c15c20 JavaThread "Service Thread" daemon [_thread_blocked, id=18032, stack(0x000000f6f4800000,0x000000f6f4900000)]
  0x0000028d40c17970 JavaThread "Monitor Deflation Thread" daemon [_thread_blocked, id=5848, stack(0x000000f6f4900000,0x000000f6f4a00000)]
  0x0000028d40c185d0 JavaThread "C2 CompilerThread0" daemon [_thread_blocked, id=3944, stack(0x000000f6f4a00000,0x000000f6f4b00000)]
  0x0000028d40c1f4c0 JavaThread "C1 CompilerThread0" daemon [_thread_blocked, id=6904, stack(0x000000f6f4b00000,0x000000f6f4c00000)]
  0x0000028d40c20640 JavaThread "Sweeper thread" daemon [_thread_blocked, id=2932, stack(0x000000f6f4c00000,0x000000f6f4d00000)]
  0x0000028d40ceab80 JavaThread "Common-Cleaner" daemon [_thread_blocked, id=17492, stack(0x000000f6f4d00000,0x000000f6f4e00000)]
  0x0000028d40fc84c0 JavaThread "Monitor Ctrl-Break" daemon [_thread_in_native, id=568, stack(0x000000f6f4f00000,0x000000f6f5000000)]
  0x0000028d40fc8a00 JavaThread "Notification Thread" daemon [_thread_blocked, id=17340, stack(0x000000f6f5000000,0x000000f6f5100000)]
  0x0000028d433cf780 JavaThread "BufferPoolPruner-1-thread-1" daemon [_thread_blocked, id=13624, stack(0x000000f6f5500000,0x000000f6f5600000)]
  0x0000028d43857130 JavaThread "cluster-ClusterId{value='66abf0b160b0082c9cf7eec0', description='null'}-localhost:27017" daemon [_thread_in_native, id=16628, stack(0x000000f6f5600000,0x000000f6f5700000)]
  0x0000028d435509a0 JavaThread "cluster-rtt-ClusterId{value='66abf0b160b0082c9cf7eec0', description='null'}-localhost:27017" daemon [_thread_blocked, id=4636, stack(0x000000f6f5700000,0x000000f6f5800000)]
  0x0000028d434dea20 JavaThread "MaintenanceTimer-2-thread-1" daemon [_thread_blocked, id=9868, stack(0x000000f6f5900000,0x000000f6f5a00000)]
  0x0000028d434def70 JavaThread "Catalina-utility-1" [_thread_blocked, id=15128, stack(0x000000f6f5a00000,0x000000f6f5b00000)]
  0x0000028d434df4c0 JavaThread "Catalina-utility-2" [_thread_blocked, id=1868, stack(0x000000f6f5b00000,0x000000f6f5c00000)]
  0x0000028d434de4d0 JavaThread "container-0" [_thread_blocked, id=6656, stack(0x000000f6f5c00000,0x000000f6f5d00000)]
  0x0000028d434dff60 JavaThread "http-nio-8081-exec-1" daemon [_thread_blocked, id=10064, stack(0x000000f6f5d00000,0x000000f6f5e00000)]
  0x0000028d434dca40 JavaThread "http-nio-8081-exec-2" daemon [_thread_blocked, id=2780, stack(0x000000f6f5e00000,0x000000f6f5f00000)]
  0x0000028d434dcf90 JavaThread "http-nio-8081-exec-3" daemon [_thread_blocked, id=4264, stack(0x000000f6f5f00000,0x000000f6f6000000)]
  0x0000028d434ddf80 JavaThread "http-nio-8081-exec-4" daemon [_thread_blocked, id=2604, stack(0x000000f6f6000000,0x000000f6f6100000)]
  0x0000028d434dd4e0 JavaThread "http-nio-8081-exec-5" daemon [_thread_blocked, id=5748, stack(0x000000f6f6100000,0x000000f6f6200000)]
  0x0000028d434dda30 JavaThread "http-nio-8081-exec-6" daemon [_thread_blocked, id=8376, stack(0x000000f6f6200000,0x000000f6f6300000)]
  0x0000028d43f97700 JavaThread "http-nio-8081-exec-7" daemon [_thread_blocked, id=17144, stack(0x000000f6f6300000,0x000000f6f6400000)]
  0x0000028d43f91210 JavaThread "http-nio-8081-exec-8" daemon [_thread_blocked, id=4504, stack(0x000000f6f6400000,0x000000f6f6500000)]
  0x0000028d43f97c50 JavaThread "http-nio-8081-exec-9" daemon [_thread_blocked, id=16144, stack(0x000000f6f6500000,0x000000f6f6600000)]
  0x0000028d43f92ca0 JavaThread "http-nio-8081-exec-10" daemon [_thread_blocked, id=10740, stack(0x000000f6f6600000,0x000000f6f6700000)]
  0x0000028d43f931f0 JavaThread "http-nio-8081-Poller" daemon [_thread_in_native, id=14628, stack(0x000000f6f6700000,0x000000f6f6800000)]
  0x0000028d43f91cb0 JavaThread "http-nio-8081-Acceptor" daemon [_thread_in_native, id=13256, stack(0x000000f6f6800000,0x000000f6f6900000)]
  0x0000028d43f96710 JavaThread "AMQP Connection 127.0.0.1:5672" [_thread_in_native, id=17876, stack(0x000000f6f6900000,0x000000f6f6a00000)]
  0x0000028d43f93740 JavaThread "pool-2-thread-2" [_thread_blocked, id=6776, stack(0x000000f6f6a00000,0x000000f6f6b00000)]
  0x0000028d43f93c90 JavaThread "org.springframework.amqp.rabbit.RabbitListenerEndpointContainer#0-1" [_thread_blocked, id=10844, stack(0x000000f6f6b00000,0x000000f6f6c00000)]
  0x0000028d43f986f0 JavaThread "pool-2-thread-3" [_thread_blocked, id=2128, stack(0x000000f6f6c00000,0x000000f6f6d00000)]
  0x0000028d43f95720 JavaThread "org.springframework.amqp.rabbit.RabbitListenerEndpointContainer#1-1" [_thread_blocked, id=14476, stack(0x000000f6f6d00000,0x000000f6f6e00000)]
  0x0000028d43f941e0 JavaThread "pool-2-thread-4" [_thread_blocked, id=14016, stack(0x000000f6f6e00000,0x000000f6f6f00000)]
  0x0000028d43f981a0 JavaThread "org.springframework.amqp.rabbit.RabbitListenerEndpointContainer#2-1" [_thread_blocked, id=16364, stack(0x000000f6f6f00000,0x000000f6f7000000)]
  0x0000028d43f96c60 JavaThread "pool-2-thread-5" [_thread_blocked, id=5324, stack(0x000000f6f7000000,0x000000f6f7100000)]
  0x0000028d43f91760 JavaThread "org.springframework.amqp.rabbit.RabbitListenerEndpointContainer#3-1" [_thread_blocked, id=15988, stack(0x000000f6f7100000,0x000000f6f7200000)]
  0x0000028d43f971b0 JavaThread "pool-2-thread-6" [_thread_blocked, id=15888, stack(0x000000f6f7200000,0x000000f6f7300000)]
  0x0000028d43f961c0 JavaThread "org.springframework.amqp.rabbit.RabbitListenerEndpointContainer#4-1" [_thread_blocked, id=15520, stack(0x000000f6f7300000,0x000000f6f7400000)]
  0x0000028d43f92200 JavaThread "DestroyJavaVM" [_thread_blocked, id=12940, stack(0x000000f6f3d00000,0x000000f6f3e00000)]

Other Threads:
=>0x0000028d3a721f40 VMThread "VM Thread" [stack: 0x000000f6f4300000,0x000000f6f4400000] [id=2112]
  0x0000028d179f31c0 WatcherThread "VM Periodic Task Thread" [stack: 0x000000f6f5100000,0x000000f6f5200000] [id=12800]
  0x0000028d3a558a00 WorkerThread "GC Thread#0" [stack: 0x000000f6f3e00000,0x000000f6f3f00000] [id=15056]
  0x0000028d415ba060 WorkerThread "GC Thread#1" [stack: 0x000000f6f5200000,0x000000f6f5300000] [id=6632]
  0x0000028d415ba330 WorkerThread "GC Thread#2" [stack: 0x000000f6f5300000,0x000000f6f5400000] [id=2008]
  0x0000028d41463a50 WorkerThread "GC Thread#3" [stack: 0x000000f6f5400000,0x000000f6f5500000] [id=16092]
  0x0000028d17a4eff0 ConcurrentGCThread "G1 Main Marker" [stack: 0x000000f6f3f00000,0x000000f6f4000000] [id=18396]
  0x0000028d17a51f80 WorkerThread "G1 Conc#0" [stack: 0x000000f6f4000000,0x000000f6f4100000] [id=12672]
  0x0000028d17a5d700 ConcurrentGCThread "G1 Refine#0" [stack: 0x000000f6f4100000,0x000000f6f4200000] [id=8488]
  0x0000028d17a5def0 ConcurrentGCThread "G1 Service" [stack: 0x000000f6f4200000,0x000000f6f4300000] [id=17188]

Threads with active compile tasks:
C2 CompilerThread0    49856 5157       4       java.security.CodeSource::<init> (52 bytes)

VM state: at safepoint (normal execution)

VM Mutex/Monitor currently owned by a thread:  ([mutex/lock_event])
[0x0000028d179f1ba0] Threads_lock - owner thread: 0x0000028d3a721f40
[0x0000028d179f2410] Heap_lock - owner thread: 0x0000028d434dff60

Heap address: 0x00000006c3400000, size: 5068 MB, Compressed Oops mode: Zero based, Oop shift amount: 3

CDS archive(s) mapped at: [0x0000000800000000-0x0000000800c40000-0x0000000800c40000), size 12845056, SharedBaseAddress: 0x0000000800000000, ArchiveRelocationMode: 0.
Compressed class space mapped at: 0x0000000801000000-0x0000000841000000, reserved size: 1073741824
Narrow klass base: 0x0000000800000000, Narrow klass shift: 0, Narrow klass range: 0x100000000

GC Precious Log:
 CardTable entry size: 512
 Card Set container configuration: InlinePtr #cards 4 size 8 Array Of Cards #cards 32 size 80 Howl #buckets 8 coarsen threshold 7372 Howl Bitmap #cards 1024 size 144 coarsen threshold 921 Card regions per heap region 1 cards per card region 8192
 CPUs: 4 total, 4 available
 Memory: 20263M
 Large Page Support: Disabled
 NUMA Support: Disabled
 Compressed Oops: Enabled (Zero based)
 Heap Region Size: 4M
 Heap Min Capacity: 8M
 Heap Initial Capacity: 320M
 Heap Max Capacity: 5068M
 Pre-touch: Disabled
 Parallel Workers: 4
 Concurrent Workers: 1
 Concurrent Refinement Workers: 4
 Periodic GC: Disabled

Heap:
 garbage-first heap   total 69632K, used 23758K [0x00000006c3400000, 0x0000000800000000)
  region size 4096K, 1 young (4096K), 1 survivors (4096K)
 Metaspace       used 47719K, committed 48384K, reserved 1114112K
  class space    used 6143K, committed 6464K, reserved 1048576K

Heap Regions: E=young(eden), S=young(survivor), O=old, HS=humongous(starts), HC=humongous(continues), CS=collection set, F=free, OA=open archive, CA=closed archive, TAMS=top-at-mark-start (previous, next)
|   0|0x00000006c3400000, 0x00000006c3800000, 0x00000006c3800000|100%| O|  |TAMS 0x00000006c3800000, 0x00000006c3400000| Untracked 
|   1|0x00000006c3800000, 0x00000006c3c00000, 0x00000006c3c00000|100%| O|  |TAMS 0x00000006c3800000, 0x00000006c3800000| Untracked 
|   2|0x00000006c3c00000, 0x00000006c4000000, 0x00000006c4000000|100%| O|  |TAMS 0x00000006c4000000, 0x00000006c3c00000| Untracked 
|   3|0x00000006c4000000, 0x00000006c4400000, 0x00000006c4400000|100%| O|  |TAMS 0x00000006c4400000, 0x00000006c4000000| Untracked 
|   4|0x00000006c4400000, 0x00000006c4800000, 0x00000006c4800000|100%| O|  |TAMS 0x00000006c457a600, 0x00000006c4400000| Untracked 
|   5|0x00000006c4800000, 0x00000006c4966800, 0x00000006c4c00000| 35%| O|  |TAMS 0x00000006c4800000, 0x00000006c4800000| Untracked 
|   6|0x00000006c4c00000, 0x00000006c4c00000, 0x00000006c5000000|  0%| F|  |TAMS 0x00000006c4c00000, 0x00000006c4c00000| Untracked 
|   7|0x00000006c5000000, 0x00000006c5000000, 0x00000006c5400000|  0%| F|  |TAMS 0x00000006c5000000, 0x00000006c5000000| Untracked 
|   8|0x00000006c5400000, 0x00000006c5400000, 0x00000006c5800000|  0%| F|  |TAMS 0x00000006c5400000, 0x00000006c5400000| Untracked 
|   9|0x00000006c5800000, 0x00000006c59cd000, 0x00000006c5c00000| 45%| S|CS|TAMS 0x00000006c5800000, 0x00000006c5800000| Complete 
|  10|0x00000006c5c00000, 0x00000006c5c00000, 0x00000006c6000000|  0%| F|  |TAMS 0x00000006c5c00000, 0x00000006c5c00000| Untracked 
|  11|0x00000006c6000000, 0x00000006c6000000, 0x00000006c6400000|  0%| F|  |TAMS 0x00000006c6000000, 0x00000006c6000000| Untracked 
|  12|0x00000006c6400000, 0x00000006c6400000, 0x00000006c6800000|  0%| F|  |TAMS 0x00000006c6400000, 0x00000006c6400000| Untracked 
|  13|0x00000006c6800000, 0x00000006c6800000, 0x00000006c6c00000|  0%| F|  |TAMS 0x00000006c6800000, 0x00000006c6800000| Untracked 
|  67|0x00000006d4000000, 0x00000006d4000000, 0x00000006d4400000|  0%| F|  |TAMS 0x00000006d4000000, 0x00000006d4000000| Untracked 
|  68|0x00000006d4400000, 0x00000006d4400000, 0x00000006d4800000|  0%| F|  |TAMS 0x00000006d4400000, 0x00000006d4400000| Untracked 
|  79|0x00000006d7000000, 0x00000006d7000000, 0x00000006d7400000|  0%| F|  |TAMS 0x00000006d7000000, 0x00000006d7000000| Untracked 

Card table byte_map: [0x0000028d2f2f0000,0x0000028d2fce0000] _byte_map_base: 0x0000028d2bcd6000

Marking Bits (Prev, Next): (CMBitMap*) 0x0000028d17a44870, (CMBitMap*) 0x0000028d17a448b0
 Prev Bits: [0x0000028d306d0000, 0x0000028d35600000)
 Next Bits: [0x0000028d35600000, 0x0000028d3a530000)

Polling page: 0x0000028d15480000

Metaspace:

Usage:
  Non-class:     40.60 MB used.
      Class:      6.00 MB used.
       Both:     46.60 MB used.

Virtual space:
  Non-class space:       64.00 MB reserved,      40.94 MB ( 64%) committed,  1 nodes.
      Class space:        1.00 GB reserved,       6.31 MB ( <1%) committed,  1 nodes.
             Both:        1.06 GB reserved,      47.25 MB (  4%) committed. 

Chunk freelists:
   Non-Class:  2.95 MB
       Class:  1.66 MB
        Both:  4.61 MB

MaxMetaspaceSize: unlimited
CompressedClassSpaceSize: 1.00 GB
Initial GC threshold: 21.00 MB
Current GC threshold: 58.69 MB
CDS: on
MetaspaceReclaimPolicy: balanced
 - commit_granule_bytes: 65536.
 - commit_granule_words: 8192.
 - virtual_space_node_default_size: 8388608.
 - enlarge_chunks_in_place: 1.
 - new_chunks_are_fully_committed: 0.
 - uncommit_free_chunks: 1.
 - use_allocation_guard: 0.


Internal statistics:

num_allocs_failed_limit: 6.
num_arena_births: 938.
num_arena_deaths: 0.
num_vsnodes_births: 2.
num_vsnodes_deaths: 0.
num_space_committed: 756.
num_space_uncommitted: 0.
num_chunks_returned_to_freelist: 6.
num_chunks_taken_from_freelist: 2536.
num_chunk_merges: 6.
num_chunk_splits: 1795.
num_chunks_enlarged: 1418.
num_inconsistent_stats: 0.

CodeHeap 'non-profiled nmethods': size=120000Kb used=2536Kb max_used=2809Kb free=117464Kb
 bounds [0x0000028d273d0000, 0x0000028d276b0000, 0x0000028d2e900000]
CodeHeap 'profiled nmethods': size=120000Kb used=8726Kb max_used=9952Kb free=111273Kb
 bounds [0x0000028d1f900000, 0x0000028d202c0000, 0x0000028d26e30000]
CodeHeap 'non-nmethods': size=5760Kb used=1383Kb max_used=1425Kb free=4376Kb
 bounds [0x0000028d26e30000, 0x0000028d270a0000, 0x0000028d273d0000]
 total_blobs=4971 nmethods=4367 adapters=513
 compilation: enabled
              stopped_count=0, restarted_count=0
 full_count=0

Compilation events (20 events):
Event: 49.764 Thread 0x0000028d40c185d0 nmethod 5141 0x0000028d27674590 code [0x0000028d27674700, 0x0000028d27674778]
Event: 49.764 Thread 0x0000028d40c185d0 5142       4       java.util.zip.Checksum::update (11 bytes)
Event: 49.765 Thread 0x0000028d40c185d0 nmethod 5142 0x0000028d27674090 code [0x0000028d27674220, 0x0000028d276743b8]
Event: 49.769 Thread 0x0000028d40c1f4c0 5143 %     3       java.util.Properties::load0 @ 8 (249 bytes)
Event: 49.769 Thread 0x0000028d40c1f4c0 nmethod 5143% 0x0000028d1fd96c10 code [0x0000028d1fd96e60, 0x0000028d1fd97988]
Event: 49.781 Thread 0x0000028d40c185d0 5146       4       sun.invoke.util.VerifyType::isNullConversion (157 bytes)
Event: 49.782 Thread 0x0000028d40c1f4c0 5150       3       java.lang.invoke.LambdaForm$NamedFunction::<init> (95 bytes)
Event: 49.782 Thread 0x0000028d40c1f4c0 nmethod 5150 0x0000028d1ff94790 code [0x0000028d1ff949a0, 0x0000028d1ff94e98]
Event: 49.783 Thread 0x0000028d40c1f4c0 5154       3       java.lang.invoke.InvokerBytecodeGenerator::resolveFrom (81 bytes)
Event: 49.783 Thread 0x0000028d40c1f4c0 nmethod 5154 0x0000028d1ff94010 code [0x0000028d1ff941e0, 0x0000028d1ff944a8]
Event: 49.784 Thread 0x0000028d40c1f4c0 5155       3       java.nio.HeapByteBuffer::put (17 bytes)
Event: 49.784 Thread 0x0000028d40c185d0 nmethod 5146 0x0000028d2765f090 code [0x0000028d2765f2a0, 0x0000028d2765f680]
Event: 49.784 Thread 0x0000028d40c185d0 5149       4       jdk.internal.org.objectweb.asm.Frame::setLocal (65 bytes)
Event: 49.784 Thread 0x0000028d40c1f4c0 nmethod 5155 0x0000028d1fdf8490 code [0x0000028d1fdf8640, 0x0000028d1fdf8978]
Event: 49.784 Thread 0x0000028d40c1f4c0 5156   !   3       org.apache.tomcat.util.http.parser.HttpParser::isControl (9 bytes)
Event: 49.784 Thread 0x0000028d40c1f4c0 nmethod 5156 0x0000028d2018a410 code [0x0000028d2018a5c0, 0x0000028d2018a738]
Event: 49.789 Thread 0x0000028d40c185d0 nmethod 5149 0x0000028d2765e790 code [0x0000028d2765e920, 0x0000028d2765ef38]
Event: 49.800 Thread 0x0000028d40c185d0 5157       4       java.security.CodeSource::<init> (52 bytes)
Event: 49.808 Thread 0x0000028d40c1f4c0 5158       1       org.apache.tomcat.util.http.MimeHeaderField::getName (5 bytes)
Event: 49.808 Thread 0x0000028d40c1f4c0 nmethod 5158 0x0000028d27672790 code [0x0000028d27672920, 0x0000028d276729f8]

GC Heap History (20 events):
Event: 0.487 GC heap after
{Heap after GC invocations=1 (full 0):
 garbage-first heap   total 327680K, used 4920K [0x00000006c3400000, 0x0000000800000000)
  region size 4096K, 1 young (4096K), 1 survivors (4096K)
 Metaspace       used 4967K, committed 5184K, reserved 1114112K
  class space    used 540K, committed 640K, reserved 1048576K
}
Event: 0.817 GC heap before
{Heap before GC invocations=1 (full 0):
 garbage-first heap   total 327680K, used 17208K [0x00000006c3400000, 0x0000000800000000)
  region size 4096K, 4 young (16384K), 1 survivors (4096K)
 Metaspace       used 8179K, committed 8384K, reserved 1114112K
  class space    used 980K, committed 1088K, reserved 1048576K
}
Event: 0.820 GC heap after
{Heap after GC invocations=2 (full 0):
 garbage-first heap   total 327680K, used 6270K [0x00000006c3400000, 0x0000000800000000)
  region size 4096K, 1 young (4096K), 1 survivors (4096K)
 Metaspace       used 8179K, committed 8384K, reserved 1114112K
  class space    used 980K, committed 1088K, reserved 1048576K
}
Event: 1.131 GC heap before
{Heap before GC invocations=2 (full 0):
 garbage-first heap   total 327680K, used 30846K [0x00000006c3400000, 0x0000000800000000)
  region size 4096K, 7 young (28672K), 1 survivors (4096K)
 Metaspace       used 14561K, committed 14848K, reserved 1114112K
  class space    used 1802K, committed 1920K, reserved 1048576K
}
Event: 1.134 GC heap after
{Heap after GC invocations=3 (full 0):
 garbage-first heap   total 327680K, used 8016K [0x00000006c3400000, 0x0000000800000000)
  region size 4096K, 1 young (4096K), 1 survivors (4096K)
 Metaspace       used 14561K, committed 14848K, reserved 1114112K
  class space    used 1802K, committed 1920K, reserved 1048576K
}
Event: 1.827 GC heap before
{Heap before GC invocations=3 (full 0):
 garbage-first heap   total 327680K, used 44880K [0x00000006c3400000, 0x0000000800000000)
  region size 4096K, 11 young (45056K), 1 survivors (4096K)
 Metaspace       used 21267K, committed 21504K, reserved 1114112K
  class space    used 2576K, committed 2688K, reserved 1048576K
}
Event: 1.834 GC heap after
{Heap after GC invocations=4 (full 0):
 garbage-first heap   total 327680K, used 11160K [0x00000006c3400000, 0x0000000800000000)
  region size 4096K, 2 young (8192K), 2 survivors (8192K)
 Metaspace       used 21267K, committed 21504K, reserved 1114112K
  class space    used 2576K, committed 2688K, reserved 1048576K
}
Event: 2.702 GC heap before
{Heap before GC invocations=5 (full 0):
 garbage-first heap   total 69632K, used 43928K [0x00000006c3400000, 0x0000000800000000)
  region size 4096K, 10 young (40960K), 2 survivors (8192K)
 Metaspace       used 27324K, committed 27712K, reserved 1114112K
  class space    used 3425K, committed 3584K, reserved 1048576K
}
Event: 2.713 GC heap after
{Heap after GC invocations=6 (full 0):
 garbage-first heap   total 69632K, used 14189K [0x00000006c3400000, 0x0000000800000000)
  region size 4096K, 2 young (8192K), 2 survivors (8192K)
 Metaspace       used 27324K, committed 27712K, reserved 1114112K
  class space    used 3425K, committed 3584K, reserved 1048576K
}
Event: 2.909 GC heap before
{Heap before GC invocations=6 (full 0):
 garbage-first heap   total 69632K, used 18285K [0x00000006c3400000, 0x0000000800000000)
  region size 4096K, 3 young (12288K), 2 survivors (8192K)
 Metaspace       used 28305K, committed 28736K, reserved 1114112K
  class space    used 3519K, committed 3712K, reserved 1048576K
}
Event: 2.919 GC heap after
{Heap after GC invocations=7 (full 0):
 garbage-first heap   total 69632K, used 14954K [0x00000006c3400000, 0x0000000800000000)
  region size 4096K, 1 young (4096K), 1 survivors (4096K)
 Metaspace       used 28305K, committed 28736K, reserved 1114112K
  class space    used 3519K, committed 3712K, reserved 1048576K
}
Event: 3.961 GC heap before
{Heap before GC invocations=7 (full 0):
 garbage-first heap   total 69632K, used 43626K [0x00000006c3400000, 0x0000000800000000)
  region size 4096K, 8 young (32768K), 1 survivors (4096K)
 Metaspace       used 35001K, committed 35456K, reserved 1114112K
  class space    used 4453K, committed 4672K, reserved 1048576K
}
Event: 3.967 GC heap after
{Heap after GC invocations=8 (full 0):
 garbage-first heap   total 69632K, used 16944K [0x00000006c3400000, 0x0000000800000000)
  region size 4096K, 1 young (4096K), 1 survivors (4096K)
 Metaspace       used 35001K, committed 35456K, reserved 1114112K
  class space    used 4453K, committed 4672K, reserved 1048576K
}
Event: 4.056 GC heap before
{Heap before GC invocations=8 (full 0):
 garbage-first heap   total 69632K, used 21040K [0x00000006c3400000, 0x0000000800000000)
  region size 4096K, 3 young (12288K), 1 survivors (4096K)
 Metaspace       used 35563K, committed 35968K, reserved 1114112K
  class space    used 4535K, committed 4736K, reserved 1048576K
}
Event: 4.062 GC heap after
{Heap after GC invocations=9 (full 0):
 garbage-first heap   total 69632K, used 17702K [0x00000006c3400000, 0x0000000800000000)
  region size 4096K, 1 young (4096K), 1 survivors (4096K)
 Metaspace       used 35563K, committed 35968K, reserved 1114112K
  class space    used 4535K, committed 4736K, reserved 1048576K
}
Event: 4.896 GC heap before
{Heap before GC invocations=10 (full 0):
 garbage-first heap   total 69632K, used 42278K [0x00000006c3400000, 0x0000000800000000)
  region size 4096K, 7 young (28672K), 1 survivors (4096K)
 Metaspace       used 39218K, committed 39808K, reserved 1114112K
  class space    used 5052K, committed 5312K, reserved 1048576K
}
Event: 4.900 GC heap after
{Heap after GC invocations=11 (full 0):
 garbage-first heap   total 69632K, used 19707K [0x00000006c3400000, 0x0000000800000000)
  region size 4096K, 1 young (4096K), 1 survivors (4096K)
 Metaspace       used 39218K, committed 39808K, reserved 1114112K
  class space    used 5052K, committed 5312K, reserved 1048576K
}
Event: 5.296 GC heap before
{Heap before GC invocations=11 (full 0):
 garbage-first heap   total 69632K, used 40187K [0x00000006c3400000, 0x0000000800000000)
  region size 4096K, 7 young (28672K), 1 survivors (4096K)
 Metaspace       used 42489K, committed 43008K, reserved 1114112K
  class space    used 5449K, committed 5696K, reserved 1048576K
}
Event: 5.302 GC heap after
{Heap after GC invocations=12 (full 0):
 garbage-first heap   total 69632K, used 22844K [0x00000006c3400000, 0x0000000800000000)
  region size 4096K, 1 young (4096K), 1 survivors (4096K)
 Metaspace       used 42489K, committed 43008K, reserved 1114112K
  class space    used 5449K, committed 5696K, reserved 1048576K
}
Event: 49.813 GC heap before
{Heap before GC invocations=12 (full 0):
 garbage-first heap   total 69632K, used 47420K [0x00000006c3400000, 0x0000000800000000)
  region size 4096K, 7 young (28672K), 1 survivors (4096K)
 Metaspace       used 47719K, committed 48384K, reserved 1114112K
  class space    used 6143K, committed 6464K, reserved 1048576K
}

Dll operation events (13 events):
Event: 0.006 Loaded shared library C:\Program Files\Java\jdk-19\bin\java.dll
Event: 0.015 Loaded shared library C:\Program Files\Java\jdk-19\bin\jsvml.dll
Event: 0.083 Loaded shared library C:\Program Files\Java\jdk-19\bin\zip.dll
Event: 0.090 Loaded shared library C:\Program Files\Java\jdk-19\bin\instrument.dll
Event: 0.095 Loaded shared library C:\Program Files\Java\jdk-19\bin\net.dll
Event: 0.097 Loaded shared library C:\Program Files\Java\jdk-19\bin\nio.dll
Event: 0.099 Loaded shared library C:\Program Files\Java\jdk-19\bin\zip.dll
Event: 0.181 Loaded shared library C:\Program Files\JetBrains\IntelliJ IDEA Community Edition 2023.3.5\bin\breakgen64.dll
Event: 0.191 Loaded shared library C:\Program Files\Java\jdk-19\bin\extnet.dll
Event: 0.217 Loaded shared library C:\Program Files\Java\jdk-19\bin\jimage.dll
Event: 3.035 Loaded shared library C:\Program Files\Java\jdk-19\bin\sunmscapi.dll
Event: 3.040 Loaded shared library C:\Program Files\Java\jdk-19\bin\management.dll
Event: 3.041 Loaded shared library C:\Program Files\Java\jdk-19\bin\management_ext.dll

Deoptimization events (20 events):
Event: 5.344 Thread 0x0000028d179f2690 Uncommon trap: trap_request=0xffffff45 fr.pc=0x0000028d2757d11c relative=0x000000000000051c
Event: 5.344 Thread 0x0000028d179f2690 Uncommon trap: reason=unstable_if action=reinterpret pc=0x0000028d2757d11c method=java.util.Properties.load0(Ljava/util/Properties$LineReader;)V @ 79 c2
Event: 5.344 Thread 0x0000028d179f2690 DEOPT PACKING pc=0x0000028d2757d11c sp=0x000000f6f3dfd3b0
Event: 5.344 Thread 0x0000028d179f2690 DEOPT UNPACKING pc=0x0000028d26e9a5a3 sp=0x000000f6f3dfd358 mode 2
Event: 5.349 Thread 0x0000028d179f2690 Uncommon trap: trap_request=0xffffff45 fr.pc=0x0000028d2760c29c relative=0x000000000000015c
Event: 5.349 Thread 0x0000028d179f2690 Uncommon trap: reason=unstable_if action=reinterpret pc=0x0000028d2760c29c method=sun.invoke.util.VerifyAccess.isTypeVisible(Ljava/lang/Class;Ljava/lang/Class;)Z @ 77 c2
Event: 5.349 Thread 0x0000028d179f2690 DEOPT PACKING pc=0x0000028d2760c29c sp=0x000000f6f3dfcd80
Event: 5.349 Thread 0x0000028d179f2690 DEOPT UNPACKING pc=0x0000028d26e9a5a3 sp=0x000000f6f3dfccf0 mode 2
Event: 5.441 Thread 0x0000028d179f2690 Uncommon trap: trap_request=0xffffff76 fr.pc=0x0000028d274b2fc0 relative=0x0000000000000960
Event: 5.441 Thread 0x0000028d179f2690 Uncommon trap: reason=predicate action=maybe_recompile pc=0x0000028d274b2fc0 method=java.util.AbstractCollection.toArray([Ljava/lang/Object;)[Ljava/lang/Object; @ 43 c2
Event: 5.441 Thread 0x0000028d179f2690 DEOPT PACKING pc=0x0000028d274b2fc0 sp=0x000000f6f3dfd260
Event: 5.441 Thread 0x0000028d179f2690 DEOPT UNPACKING pc=0x0000028d26e9a5a3 sp=0x000000f6f3dfd228 mode 2
Event: 5.607 Thread 0x0000028d179f2690 Uncommon trap: trap_request=0xffffff45 fr.pc=0x0000028d274e262c relative=0x000000000000020c
Event: 5.607 Thread 0x0000028d179f2690 Uncommon trap: reason=unstable_if action=reinterpret pc=0x0000028d274e262c method=jdk.internal.org.objectweb.asm.Frame.merge(Ljdk/internal/org/objectweb/asm/SymbolTable;I[II)Z @ 305 c2
Event: 5.607 Thread 0x0000028d179f2690 DEOPT PACKING pc=0x0000028d274e262c sp=0x000000f6f3dfd9a0
Event: 5.607 Thread 0x0000028d179f2690 DEOPT UNPACKING pc=0x0000028d26e9a5a3 sp=0x000000f6f3dfd900 mode 2
Event: 5.607 Thread 0x0000028d179f2690 Uncommon trap: trap_request=0xffffff45 fr.pc=0x0000028d27558c7c relative=0x0000000000000cbc
Event: 5.607 Thread 0x0000028d179f2690 Uncommon trap: reason=unstable_if action=reinterpret pc=0x0000028d27558c7c method=jdk.internal.org.objectweb.asm.Frame.getAbstractTypeFromDescriptor(Ljdk/internal/org/objectweb/asm/SymbolTable;Ljava/lang/String;I)I @ 189 c2
Event: 5.607 Thread 0x0000028d179f2690 DEOPT PACKING pc=0x0000028d27558c7c sp=0x000000f6f3dfd960
Event: 5.608 Thread 0x0000028d179f2690 DEOPT UNPACKING pc=0x0000028d26e9a5a3 sp=0x000000f6f3dfd920 mode 2

Classes loaded (20 events):
Event: 49.748 Loading class sun/nio/ch/SocketAdaptor
Event: 49.748 Loading class sun/nio/ch/SocketAdaptor done
Event: 49.748 Loading class sun/nio/ch/SocketChannelImpl$DefaultOptionsHolder
Event: 49.748 Loading class sun/nio/ch/SocketChannelImpl$DefaultOptionsHolder done
Event: 49.749 Loading class sun/nio/ch/SelectionKeyImpl
Event: 49.749 Loading class java/nio/channels/spi/AbstractSelectionKey
Event: 49.749 Loading class java/nio/channels/SelectionKey
Event: 49.749 Loading class java/nio/channels/SelectionKey done
Event: 49.749 Loading class java/nio/channels/spi/AbstractSelectionKey done
Event: 49.749 Loading class sun/nio/ch/SelectionKeyImpl done
Event: 49.749 Loading class java/lang/invoke/ConstantBootstraps
Event: 49.749 Loading class java/lang/invoke/ConstantBootstraps done
Event: 49.785 Loading class sun/nio/cs/ThreadLocalCoders
Event: 49.785 Loading class sun/nio/cs/ThreadLocalCoders done
Event: 49.785 Loading class sun/nio/cs/ThreadLocalCoders$1
Event: 49.786 Loading class sun/nio/cs/ThreadLocalCoders$Cache
Event: 49.786 Loading class sun/nio/cs/ThreadLocalCoders$Cache done
Event: 49.786 Loading class sun/nio/cs/ThreadLocalCoders$1 done
Event: 49.786 Loading class sun/nio/cs/ThreadLocalCoders$2
Event: 49.786 Loading class sun/nio/cs/ThreadLocalCoders$2 done

Classes unloaded (0 events):
No events

Classes redefined (0 events):
No events

Internal exceptions (20 events):
Event: 4.699 Thread 0x0000028d179f2690 Implicit null exception at 0x0000028d274e043d to 0x0000028d274e0506
Event: 4.995 Thread 0x0000028d179f2690 Exception <a 'java/lang/IncompatibleClassChangeError'{0x00000006d4659eb0}: Found class java.lang.Object, but interface was expected> (0x00000006d4659eb0) 
thrown [s\open\src\hotspot\share\interpreter\linkResolver.cpp, line 841]
Event: 5.073 Thread 0x0000028d179f2690 Exception <a 'java/lang/NoSuchMethodError'{0x00000006d439fd28}: 'java.lang.Object java.lang.invoke.DirectMethodHandle$Holder.invokeInterface(java.lang.Object, java.lang.Object, java.lang.Object, java.lang.Object)'> (0x00000006d439fd28) 
thrown [s\open\src\hotspot\share\interpreter\linkResolver.cpp, line 774]
Event: 5.115 Thread 0x0000028d179f2690 Exception <a 'java/lang/NoSuchMethodError'{0x00000006c69ae9f0}: 'void java.lang.invoke.DirectMethodHandle$Holder.invokeVirtual(java.lang.Object, java.lang.Object, long)'> (0x00000006c69ae9f0) 
thrown [s\open\src\hotspot\share\interpreter\linkResolver.cpp, line 774]
Event: 5.176 Thread 0x0000028d179f2690 Exception <a 'java/lang/NoSuchMethodError'{0x00000006c6597a70}: 'int java.lang.invoke.DirectMethodHandle$Holder.invokeStaticInit(java.lang.Object, java.lang.Object, java.lang.Object, java.lang.Object)'> (0x00000006c6597a70) 
thrown [s\open\src\hotspot\share\interpreter\linkResolver.cpp, line 774]
Event: 5.350 Thread 0x0000028d179f2690 Exception <a 'java/lang/IncompatibleClassChangeError'{0x00000006d7160440}: Found class java.lang.Object, but interface was expected> (0x00000006d7160440) 
thrown [s\open\src\hotspot\share\interpreter\linkResolver.cpp, line 841]
Event: 5.351 Thread 0x0000028d179f2690 Exception <a 'java/lang/IncompatibleClassChangeError'{0x00000006d7166da8}: Found class java.lang.Object, but interface was expected> (0x00000006d7166da8) 
thrown [s\open\src\hotspot\share\interpreter\linkResolver.cpp, line 841]
Event: 5.351 Thread 0x0000028d179f2690 Exception <a 'java/lang/IncompatibleClassChangeError'{0x00000006d716d158}: Found class java.lang.Object, but interface was expected> (0x00000006d716d158) 
thrown [s\open\src\hotspot\share\interpreter\linkResolver.cpp, line 841]
Event: 5.515 Thread 0x0000028d179f2690 Exception <a 'java/lang/NoSuchMethodError'{0x00000006c6891f50}: 'void java.lang.invoke.DirectMethodHandle$Holder.invokeSpecial(java.lang.Object, java.lang.Object, long)'> (0x00000006c6891f50) 
thrown [s\open\src\hotspot\share\interpreter\linkResolver.cpp, line 774]
Event: 5.515 Thread 0x0000028d179f2690 Exception <a 'java/lang/NoSuchMethodError'{0x00000006c689baf8}: 'void java.lang.invoke.DirectMethodHandle$Holder.invokeSpecial(java.lang.Object, java.lang.Object, int)'> (0x00000006c689baf8) 
thrown [s\open\src\hotspot\share\interpreter\linkResolver.cpp, line 774]
Event: 5.518 Thread 0x0000028d179f2690 Exception <a 'java/lang/NoSuchMethodError'{0x00000006c68b9440}: 'java.lang.Object java.lang.invoke.DirectMethodHandle$Holder.newInvokeSpecial(java.lang.Object, java.lang.Object, int, java.lang.Object, java.lang.Object)'> (0x00000006c68b9440) 
thrown [s\open\src\hotspot\share\interpreter\linkResolver.cpp, line 774]
Event: 5.519 Thread 0x0000028d179f2690 Exception <a 'java/lang/NoSuchMethodError'{0x00000006c68c47f8}: 'java.lang.Object java.lang.invoke.DirectMethodHandle$Holder.invokeSpecial(java.lang.Object, java.lang.Object, int, java.lang.Object, int, java.lang.Object)'> (0x00000006c68c47f8) 
thrown [s\open\src\hotspot\share\interpreter\linkResolver.cpp, line 774]
Event: 5.519 Thread 0x0000028d179f2690 Exception <a 'java/lang/NoSuchMethodError'{0x00000006c68cc5e0}: 'java.lang.Object java.lang.invoke.DirectMethodHandle$Holder.newInvokeSpecial(java.lang.Object, java.lang.Object, int, java.lang.Object, int)'> (0x00000006c68cc5e0) 
thrown [s\open\src\hotspot\share\interpreter\linkResolver.cpp, line 774]
Event: 5.519 Thread 0x0000028d179f2690 Exception <a 'java/lang/NoSuchMethodError'{0x00000006c68d06f8}: 'java.lang.Object java.lang.invoke.DirectMethodHandle$Holder.invokeSpecial(java.lang.Object, java.lang.Object, java.lang.Object, int, java.lang.Object, int)'> (0x00000006c68d06f8) 
thrown [s\open\src\hotspot\share\interpreter\linkResolver.cpp, line 774]
Event: 5.615 Thread 0x0000028d179f2690 Exception <a 'java/lang/NoSuchMethodError'{0x00000006c66e5400}: 'java.lang.Object java.lang.invoke.DelegatingMethodHandle$Holder.reinvoke_L(java.lang.Object, java.lang.Object, java.lang.Object, int, int, int, java.lang.Object)'> (0x00000006c66e5400) 
thrown [s\open\src\hotspot\share\interpreter\linkResolver.cpp, line 774]
Event: 5.633 Thread 0x0000028d43f93c90 Exception <a 'java/lang/NoSuchMethodError'{0x00000006c67afaa0}: 'void java.lang.invoke.DirectMethodHandle$Holder.invokeInterface(java.lang.Object, java.lang.Object, int, int)'> (0x00000006c67afaa0) 
thrown [s\open\src\hotspot\share\interpreter\linkResolver.cpp, line 774]
Event: 5.633 Thread 0x0000028d43f93c90 Exception <a 'java/lang/NoSuchMethodError'{0x00000006c67b6f20}: 'void java.lang.invoke.DelegatingMethodHandle$Holder.reinvoke_L(java.lang.Object, java.lang.Object, int, int)'> (0x00000006c67b6f20) 
thrown [s\open\src\hotspot\share\interpreter\linkResolver.cpp, line 774]
Event: 5.635 Thread 0x0000028d43f93c90 Exception <a 'java/lang/NoSuchMethodError'{0x00000006c67da758}: 'java.lang.Object java.lang.invoke.DelegatingMethodHandle$Holder.reinvoke_L(java.lang.Object, java.lang.Object, java.lang.Object, int, java.lang.Object, int, int, java.lang.Object, java.lang.Object)'> (0x00000006c67da758) 
thrown [s\open\src\hotspot\share\interpreter\linkResolver.cpp, line 774]
Event: 49.783 Thread 0x0000028d434dff60 Exception <a 'java/lang/NoSuchMethodError'{0x00000006c62ff148}: 'java.lang.Object java.lang.invoke.DirectMethodHandle$Holder.invokeSpecial(java.lang.Object, java.lang.Object, java.lang.Object, java.lang.Object, java.lang.Object, long)'> (0x00000006c62ff148) 
thrown [s\open\src\hotspot\share\interpreter\linkResolver.cpp, line 774]
Event: 49.783 Thread 0x0000028d434dff60 Exception <a 'java/lang/NoSuchMethodError'{0x00000006c6302b98}: 'java.lang.Object java.lang.invoke.Invokers$Holder.linkToTargetMethod(java.lang.Object, java.lang.Object, java.lang.Object, long, java.lang.Object)'> (0x00000006c6302b98) 
thrown [s\open\src\hotspot\share\interpreter\linkResolver.cpp, line 774]

VM Operations (20 events):
Event: 5.242 Executing VM operation: HandshakeAllThreads done
Event: 5.296 Executing VM operation: G1CollectForAllocation
Event: 5.302 Executing VM operation: G1CollectForAllocation done
Event: 5.595 Executing VM operation: HandshakeAllThreads
Event: 5.595 Executing VM operation: HandshakeAllThreads done
Event: 5.603 Executing VM operation: HandshakeAllThreads
Event: 5.603 Executing VM operation: HandshakeAllThreads done
Event: 6.616 Executing VM operation: Cleanup
Event: 6.616 Executing VM operation: Cleanup done
Event: 13.672 Executing VM operation: Cleanup
Event: 13.672 Executing VM operation: Cleanup done
Event: 23.738 Executing VM operation: Cleanup
Event: 23.738 Executing VM operation: Cleanup done
Event: 43.978 Executing VM operation: Cleanup
Event: 43.978 Executing VM operation: Cleanup done
Event: 49.799 Executing VM operation: HandshakeAllThreads
Event: 49.799 Executing VM operation: HandshakeAllThreads done
Event: 49.799 Executing VM operation: Cleanup
Event: 49.799 Executing VM operation: Cleanup done
Event: 49.812 Executing VM operation: G1CollectForAllocation

Events (20 events):
Event: 5.528 Thread 0x0000028d43f97700 Thread added: 0x0000028d43f97700
Event: 5.528 Thread 0x0000028d43f91210 Thread added: 0x0000028d43f91210
Event: 5.528 Thread 0x0000028d43f97c50 Thread added: 0x0000028d43f97c50
Event: 5.528 Thread 0x0000028d43f92ca0 Thread added: 0x0000028d43f92ca0
Event: 5.541 Thread 0x0000028d43f931f0 Thread added: 0x0000028d43f931f0
Event: 5.542 Thread 0x0000028d43f91cb0 Thread added: 0x0000028d43f91cb0
Event: 5.558 Thread 0x0000028d43f96710 Thread added: 0x0000028d43f96710
Event: 5.588 Thread 0x0000028d43f93740 Thread added: 0x0000028d43f93740
Event: 5.625 Thread 0x0000028d43f93c90 Thread added: 0x0000028d43f93c90
Event: 5.639 Thread 0x0000028d43f986f0 Thread added: 0x0000028d43f986f0
Event: 5.639 Thread 0x0000028d43f95720 Thread added: 0x0000028d43f95720
Event: 5.642 Thread 0x0000028d43f941e0 Thread added: 0x0000028d43f941e0
Event: 5.642 Thread 0x0000028d43f981a0 Thread added: 0x0000028d43f981a0
Event: 5.645 Thread 0x0000028d43f96c60 Thread added: 0x0000028d43f96c60
Event: 5.646 Thread 0x0000028d43f91760 Thread added: 0x0000028d43f91760
Event: 5.649 Thread 0x0000028d43f971b0 Thread added: 0x0000028d43f971b0
Event: 5.650 Thread 0x0000028d43f961c0 Thread added: 0x0000028d43f961c0
Event: 5.665 Thread 0x0000028d179f2690 Thread exited: 0x0000028d179f2690
Event: 5.665 Thread 0x0000028d43f92200 Thread added: 0x0000028d43f92200
Event: 11.564 Thread 0x0000028d40e0e560 Thread exited: 0x0000028d40e0e560


Dynamic libraries:
0x00007ff64f710000 - 0x00007ff64f720000 	C:\Program Files\Java\jdk-19\bin\java.exe
0x00007fffb2f30000 - 0x00007fffb3147000 	C:\WINDOWS\SYSTEM32\ntdll.dll
0x00007fffb2310000 - 0x00007fffb23d4000 	C:\WINDOWS\System32\KERNEL32.DLL
0x00007fffb0590000 - 0x00007fffb093d000 	C:\WINDOWS\System32\KERNELBASE.dll
0x00007fffb0a70000 - 0x00007fffb0b81000 	C:\WINDOWS\System32\ucrtbase.dll
0x00007fff85b30000 - 0x00007fff85b48000 	C:\Program Files\Java\jdk-19\bin\jli.dll
0x00007fffb1470000 - 0x00007fffb1522000 	C:\WINDOWS\System32\ADVAPI32.dll
0x00007fffb1530000 - 0x00007fffb15d7000 	C:\WINDOWS\System32\msvcrt.dll
0x00007fffb0c70000 - 0x00007fffb0d19000 	C:\WINDOWS\System32\sechost.dll
0x00007fffb0b90000 - 0x00007fffb0bb8000 	C:\WINDOWS\System32\bcrypt.dll
0x00007fffb0fe0000 - 0x00007fffb10f4000 	C:\WINDOWS\System32\RPCRT4.dll
0x00007fffb15e0000 - 0x00007fffb178e000 	C:\WINDOWS\System32\USER32.dll
0x00007fffb0c40000 - 0x00007fffb0c66000 	C:\WINDOWS\System32\win32u.dll
0x00007fffb2aa0000 - 0x00007fffb2ac9000 	C:\WINDOWS\System32\GDI32.dll
0x00007fffb0260000 - 0x00007fffb0379000 	C:\WINDOWS\System32\gdi32full.dll
0x00007fffb0380000 - 0x00007fffb041a000 	C:\WINDOWS\System32\msvcp_win.dll
0x00007fff85b10000 - 0x00007fff85b2b000 	C:\Program Files\Java\jdk-19\bin\VCRUNTIME140.dll
0x00007fff88af0000 - 0x00007fff88d83000 	C:\WINDOWS\WinSxS\amd64_microsoft.windows.common-controls_6595b64144ccf1df_6.0.22621.3672_none_2713b9d173822955\COMCTL32.dll
0x00007fff9a010000 - 0x00007fff9a01a000 	C:\WINDOWS\SYSTEM32\VERSION.dll
0x00007fffb1970000 - 0x00007fffb19a1000 	C:\WINDOWS\System32\IMM32.DLL
0x00007fff602b0000 - 0x00007fff603ca000 	C:\Program Files\Topaz OFD\Warsaw\wslbscr64.dll
0x00007fffb1ab0000 - 0x00007fffb230f000 	C:\WINDOWS\System32\SHELL32.dll
0x00007fffaf290000 - 0x00007fffaf2c4000 	C:\WINDOWS\SYSTEM32\ntmarta.dll
0x00007fff601b0000 - 0x00007fff602aa000 	C:\Program Files\Topaz OFD\Warsaw\wslbscrwh64.dll
0x00007fff86b90000 - 0x00007fff86b9c000 	C:\Program Files\Java\jdk-19\bin\vcruntime140_1.dll
0x00007fff5dc60000 - 0x00007fff5dcee000 	C:\Program Files\Java\jdk-19\bin\msvcp140.dll
0x00007fff5cfa0000 - 0x00007fff5dc60000 	C:\Program Files\Java\jdk-19\bin\server\jvm.dll
0x00007fff9a270000 - 0x00007fff9a279000 	C:\WINDOWS\SYSTEM32\WSOCK32.dll
0x00007fffb2a00000 - 0x00007fffb2a71000 	C:\WINDOWS\System32\WS2_32.dll
0x00007fffa7810000 - 0x00007fffa7844000 	C:\WINDOWS\SYSTEM32\WINMM.dll
0x00007fffaf270000 - 0x00007fffaf288000 	C:\WINDOWS\SYSTEM32\kernel.appcore.dll
0x00007fff85e30000 - 0x00007fff85e3a000 	C:\Program Files\Java\jdk-19\bin\jimage.dll
0x00007fffada70000 - 0x00007fffadca2000 	C:\WINDOWS\SYSTEM32\DBGHELP.DLL
0x0000028d16cf0000 - 0x0000028d17078000 	C:\WINDOWS\System32\combase.dll
0x0000028d17080000 - 0x0000028d17157000 	C:\WINDOWS\System32\OLEAUT32.dll
0x00007fffa44b0000 - 0x00007fffa44e2000 	C:\WINDOWS\SYSTEM32\dbgcore.DLL
0x00007fffb0bc0000 - 0x00007fffb0c3b000 	C:\WINDOWS\System32\bcryptPrimitives.dll
0x00007fffac690000 - 0x00007fffac69e000 	C:\Program Files\Java\jdk-19\bin\instrument.dll
0x00007fff84eb0000 - 0x00007fff84ed6000 	C:\Program Files\Java\jdk-19\bin\java.dll
0x00007fff5cec0000 - 0x00007fff5cf97000 	C:\Program Files\Java\jdk-19\bin\jsvml.dll
0x00007fffae160000 - 0x00007fffaea5c000 	C:\WINDOWS\SYSTEM32\windows.storage.dll
0x00007fffae020000 - 0x00007fffae15f000 	C:\WINDOWS\SYSTEM32\wintypes.dll
0x0000028d41000000 - 0x0000028d410f4000 	C:\WINDOWS\System32\SHCORE.dll
0x00007fffb2e70000 - 0x00007fffb2ece000 	C:\WINDOWS\System32\shlwapi.dll
0x00007fffb0190000 - 0x00007fffb01b1000 	C:\WINDOWS\SYSTEM32\profapi.dll
0x00007fff858f0000 - 0x00007fff85908000 	C:\Program Files\Java\jdk-19\bin\zip.dll
0x00007fff85a50000 - 0x00007fff85a63000 	C:\Program Files\Java\jdk-19\bin\net.dll
0x00007fffa8530000 - 0x00007fffa8666000 	C:\WINDOWS\SYSTEM32\WINHTTP.dll
0x00007fffaf700000 - 0x00007fffaf769000 	C:\WINDOWS\system32\mswsock.dll
0x00007fff85960000 - 0x00007fff85976000 	C:\Program Files\Java\jdk-19\bin\nio.dll
0x00007fffabd90000 - 0x00007fffabdaa000 	C:\Program Files\JetBrains\IntelliJ IDEA Community Edition 2023.3.5\bin\breakgen64.dll
0x00007fff5b560000 - 0x00007fff5b568000 	C:\Program Files\Java\jdk-19\bin\extnet.dll
0x00007fffaf960000 - 0x00007fffaf97b000 	C:\WINDOWS\SYSTEM32\CRYPTSP.dll
0x00007fffaf1d0000 - 0x00007fffaf205000 	C:\WINDOWS\system32\rsaenh.dll
0x00007fffaf800000 - 0x00007fffaf828000 	C:\WINDOWS\SYSTEM32\USERENV.dll
0x00007fffaf980000 - 0x00007fffaf98c000 	C:\WINDOWS\SYSTEM32\CRYPTBASE.dll
0x00007fffaed10000 - 0x00007fffaed3d000 	C:\WINDOWS\SYSTEM32\IPHLPAPI.DLL
0x00007fffb0f30000 - 0x00007fffb0f39000 	C:\WINDOWS\System32\NSI.dll
0x00007fffa8410000 - 0x00007fffa8429000 	C:\WINDOWS\SYSTEM32\dhcpcsvc6.DLL
0x00007fffa83f0000 - 0x00007fffa840f000 	C:\WINDOWS\SYSTEM32\dhcpcsvc.DLL
0x00007fffaed90000 - 0x00007fffaee88000 	C:\WINDOWS\SYSTEM32\DNSAPI.dll
0x00007fff8da90000 - 0x00007fff8da9e000 	C:\Program Files\Java\jdk-19\bin\sunmscapi.dll
0x00007fffb0420000 - 0x00007fffb0587000 	C:\WINDOWS\System32\CRYPT32.dll
0x00007fffafb20000 - 0x00007fffafb4e000 	C:\WINDOWS\SYSTEM32\ncrypt.dll
0x00007fffafae0000 - 0x00007fffafb17000 	C:\WINDOWS\SYSTEM32\NTASN1.dll
0x00007fff92240000 - 0x00007fff9224a000 	C:\Program Files\Java\jdk-19\bin\management.dll
0x00007fff8db80000 - 0x00007fff8db8b000 	C:\Program Files\Java\jdk-19\bin\management_ext.dll
0x00007fffb2ad0000 - 0x00007fffb2ad8000 	C:\WINDOWS\System32\PSAPI.DLL
0x00007fffa51e0000 - 0x00007fffa51ea000 	C:\Windows\System32\rasadhlp.dll
0x00007fffa53c0000 - 0x00007fffa5443000 	C:\WINDOWS\System32\fwpuclnt.dll
0x00007fff78b70000 - 0x00007fff78b78000 	C:\WINDOWS\system32\wshunix.dll

dbghelp: loaded successfully - version: 4.0.5 - missing functions: none
symbol engine: initialized successfully - sym options: 0x614 - pdb path: .;C:\Program Files\Java\jdk-19\bin;C:\WINDOWS\SYSTEM32;C:\WINDOWS\WinSxS\amd64_microsoft.windows.common-controls_6595b64144ccf1df_6.0.22621.3672_none_2713b9d173822955;C:\Program Files\Topaz OFD\Warsaw;C:\Program Files\Java\jdk-19\bin\server;C:\Program Files\JetBrains\IntelliJ IDEA Community Edition 2023.3.5\bin

VM Arguments:
jvm_args: -javaagent:C:\Program Files\JetBrains\IntelliJ IDEA Community Edition 2023.3.5\lib\idea_rt.jar=64250:C:\Program Files\JetBrains\IntelliJ IDEA Community Edition 2023.3.5\bin -Dfile.encoding=UTF-8 -Dsun.stdout.encoding=UTF-8 -Dsun.stderr.encoding=UTF-8 
java_command: com.bantads.auth.AuthApplication
java_class_path (initial): C:\Users\igorn\OneDrive\Documentos\Tads\DAC\bantads-backend\bantads-backend\auth\target\classes;C:\Users\igorn\.m2\repository\org\springframework\boot\spring-boot-starter-security\3.1.2\spring-boot-starter-security-3.1.2.jar;C:\Users\igorn\.m2\repository\org\springframework\boot\spring-boot-starter\3.1.2\spring-boot-starter-3.1.2.jar;C:\Users\igorn\.m2\repository\org\springframework\boot\spring-boot\3.1.2\spring-boot-3.1.2.jar;C:\Users\igorn\.m2\repository\org\springframework\boot\spring-boot-autoconfigure\3.1.2\spring-boot-autoconfigure-3.1.2.jar;C:\Users\igorn\.m2\repository\org\springframework\boot\spring-boot-starter-logging\3.1.2\spring-boot-starter-logging-3.1.2.jar;C:\Users\igorn\.m2\repository\ch\qos\logback\logback-classic\1.4.8\logback-classic-1.4.8.jar;C:\Users\igorn\.m2\repository\ch\qos\logback\logback-core\1.4.8\logback-core-1.4.8.jar;C:\Users\igorn\.m2\repository\org\apache\logging\log4j\log4j-to-slf4j\2.20.0\log4j-to-slf4j-2.20.0.jar;C:\Users\igorn\.m2\repository\org\apache\logging\log4j\log4j-api\2.20.0\log4j-api-2.20.0.jar;C:\Users\igorn\.m2\repository\org\slf4j\jul-to-slf4j\2.0.7\jul-to-slf4j-2.0.7.jar;C:\Users\igorn\.m2\repository\jakarta\annotation\jakarta.annotation-api\2.1.1\jakarta.annotation-api-2.1.1.jar;C:\Users\igorn\.m2\repository\org\yaml\snakeyaml\1.33\snakeyaml-1.33.jar;C:\Users\igorn\.m2\repository\org\springframework\spring-aop\6.0.11\spring-aop-6.0.11.jar;C:\Users\igorn\.m2\repository\org\springframework\spring-beans\6.0.11\spring-beans-6.0.11.jar;C:\Users\igorn\.m2\repository\org\springframework\security\spring-security-config\6.1.2\spring-security-config-6.1.2.jar;C:\Users\igorn\.m2\repository\org\springframework\spring-context\6.0.11\spring-context-6.0.11.jar;C:\Users\igorn\.m2\repository\org\springframework\security\spring-security-web\6.1.2\spring-security-web-6.1.2.jar;C:\Users\igorn\.m2\repository\org\springframework\spring-expression\6.0.11\spring-expression-6.0.11.jar;C:\Users\igorn\.m2\repository\org\springframework\boot\spring-boot-starter-validation\3.1.2\spring-boot-starter-validation-3.1.2.jar;C:\Users\igorn\.m2\repository\org\apache\tomcat\embed\tomcat-embed-el\10.1.11\tomcat-embed-el-10.1.11.jar;C:\Users\igorn\.m2\repository\org\hibernate\validator\hibernate-validator\8.0.1.Final\hibernate-validator-8.0.1.Final.jar;C:\Users\igorn\.m2\repository\jakarta\validation\jakarta.validation-api\3.0.2\jakarta.validation-api-3.0.2.jar;C:\Users\igorn\.m2\repository\org\jboss\logging\jboss-logging\3.5.3.Final\jboss-logging-3.5.3.Final.jar;C:\Users\igorn\.m2\repository\com\fasterxml\classmate\1.5.1\classmate-1.5.1.jar;C:\Users\igorn\.m2\repository\org\springframework\boot\spring-boot-starter-web\3.1.2\spring-boot-starter-web-3.1.2.jar;C:\Users\igorn\.m2\repository\org\springframework\boot\spring-boot-starter-json\3.1.2\spring-boot-starter-json-3.1.2.jar;C:\Users\igorn\.m2\repository\com\fasterxml\jackson\datatype\jackson-datatype-jdk8\2.15.2\jackson-datatype-jdk8-2.15.2.jar;C:\Users\igorn\.m2\repository\com\fasterxml\jackson\datatype\jackson-datatype-jsr310\2.15.2\jackson-datatype-jsr310-2.15.2.jar;C:\Users\igorn\.m2\repository\com\fasterxml\jackson\module\jackson-module-parameter-names\2.15.2\jackson-module-parameter-names-2.15.2.jar;C:\Users\igorn\.m2\repository\org\springframework\boot\spring-boot-starter-tomcat\3.1.2\spring-boot-starter-tomcat-3.1.2.jar;C:\Users\igorn\.m2\repository\org\apache\tomcat\embed\tomcat-embed-core\10.1.11\tomcat-embed-core-10.1.11.jar;C:\Users\igorn\.m2\repository\org\apache\tomcat\embed\tomcat-embed-websocket\10.1.11\tomcat-embed-websocket-10.1.11.jar;C:\Users\igorn\.m2\repository\org\springframework\spring-web\6.0.11\spring-web-6.0.11.jar;C:\Users\igorn\.m2\repository\io\micrometer\micrometer-observation\1.11.2\micrometer-observation-1.11.2.jar;C:\Users\igorn\.m2\repository\io\micrometer\micrometer-commons\1.11.2\micrometer-commons-1.11.2.jar;C:\Users\igorn\.m2\repository\org\springframework\spring-webmvc\6.0.11\spring-webmvc-6.0.11.jar;C:\Users\igorn\.m2\repository\org\projectlombok\lombok\1.18.28\lombok-1.18.28.jar;C:\Users\igorn\.m2\repository\org\slf4j\slf4j-api\2.0.7\slf4j-api-2.0.7.jar;C:\Users\igorn\.m2\repository\jakarta\activation\jakarta.activation-api\2.1.2\jakarta.activation-api-2.1.2.jar;C:\Users\igorn\.m2\repository\org\springframework\spring-core\6.0.11\spring-core-6.0.11.jar;C:\Users\igorn\.m2\repository\org\springframework\spring-jcl\6.0.11\spring-jcl-6.0.11.jar;C:\Users\igorn\.m2\repository\org\springframework\security\spring-security-core\6.1.2\spring-security-core-6.1.2.jar;C:\Users\igorn\.m2\repository\org\springframework\security\spring-security-crypto\6.1.2\spring-security-crypto-6.1.2.jar;C:\Users\igorn\.m2\repository\com\auth0\java-jwt\4.2.1\java-jwt-4.2.1.jar;C:\Users\igorn\.m2\repository\com\fasterxml\jackson\core\jackson-databind\2.15.2\jackson-databind-2.15.2.jar;C:\Users\igorn\.m2\repository\com\fasterxml\jackson\core\jackson-annotations\2.15.2\jackson-annotations-2.15.2.jar;C:\Users\igorn\.m2\repository\com\fasterxml\jackson\core\jackson-core\2.15.2\jackson-core-2.15.2.jar;C:\Users\igorn\.m2\repository\org\springframework\boot\spring-boot-starter-data-mongodb\3.1.2\spring-boot-starter-data-mongodb-3.1.2.jar;C:\Users\igorn\.m2\repository\org\mongodb\mongodb-driver-sync\4.9.1\mongodb-driver-sync-4.9.1.jar;C:\Users\igorn\.m2\repository\org\mongodb\bson\4.9.1\bson-4.9.1.jar;C:\Users\igorn\.m2\repository\org\mongodb\mongodb-driver-core\4.9.1\mongodb-driver-core-4.9.1.jar;C:\Users\igorn\.m2\repository\org\mongodb\bson-record-codec\4.9.1\bson-record-codec-4.9.1.jar;C:\Users\igorn\.m2\repository\org\springframework\data\spring-data-mongodb\4.1.2\spring-data-mongodb-4.1.2.jar;C:\Users\igorn\.m2\repository\org\springframework\spring-tx\6.0.11\spring-tx-6.0.11.jar;C:\Users\igorn\.m2\repository\org\springframework\data\spring-data-commons\3.1.2\spring-data-commons-3.1.2.jar;C:\Users\igorn\.m2\repository\org\springframework\boot\spring-boot-starter-amqp\3.1.2\spring-boot-starter-amqp-3.1.2.jar;C:\Users\igorn\.m2\repository\org\springframework\spring-messaging\6.0.11\spring-messaging-6.0.11.jar;C:\Users\igorn\.m2\repository\org\springframework\amqp\spring-rabbit\3.0.6\spring-rabbit-3.0.6.jar;C:\Users\igorn\.m2\repository\org\springframework\amqp\spring-amqp\3.0.6\spring-amqp-3.0.6.jar;C:\Users\igorn\.m2\repository\org\springframework\retry\spring-retry\2.0.2\spring-retry-2.0.2.jar;C:\Users\igorn\.m2\repository\com\rabbitmq\amqp-client\5.17.1\amqp-client-5.17.1.jar;C:\Users\igorn\.m2\repository\org\springframework\boot\spring-boot-starter-mail\3.1.2\spring-boot-starter-mail-3.1.2.jar;C:\Users\igorn\.m2\repository\org\springframework\spring-context-support\6.0.11\spring-context-support-6.0.11.jar;C:\Users\igorn\.m2\repository\org\eclipse\angus\jakarta.mail\1.1.0\jakarta.mail-1.1.0.jar;C:\Users\igorn\.m2\repository\org\eclipse\angus\angus-activation\2.0.1\angus-activation-2.0.1.jar
Launcher Type: SUN_STANDARD

[Global flags]
     intx CICompilerCount                          = 3                                         {product} {ergonomic}
     uint ConcGCThreads                            = 1                                         {product} {ergonomic}
     uint G1ConcRefinementThreads                  = 4                                         {product} {ergonomic}
   size_t G1HeapRegionSize                         = 4194304                                   {product} {ergonomic}
    uintx GCDrainStackTargetSize                   = 64                                        {product} {ergonomic}
   size_t InitialHeapSize                          = 335544320                                 {product} {ergonomic}
   size_t MarkStackSize                            = 4194304                                   {product} {ergonomic}
   size_t MaxHeapSize                              = 5314183168                                {product} {ergonomic}
   size_t MaxNewSize                               = 3187671040                                {product} {ergonomic}
   size_t MinHeapDeltaBytes                        = 4194304                                   {product} {ergonomic}
   size_t MinHeapSize                              = 8388608                                   {product} {ergonomic}
    uintx NonNMethodCodeHeapSize                   = 5832780                                {pd product} {ergonomic}
    uintx NonProfiledCodeHeapSize                  = 122912730                              {pd product} {ergonomic}
    uintx ProfiledCodeHeapSize                     = 122912730                              {pd product} {ergonomic}
    uintx ReservedCodeCacheSize                    = 251658240                              {pd product} {ergonomic}
     bool SegmentedCodeCache                       = true                                      {product} {ergonomic}
   size_t SoftMaxHeapSize                          = 5314183168                             {manageable} {ergonomic}
     bool UseCompressedClassPointers               = true                           {product lp64_product} {ergonomic}
     bool UseCompressedOops                        = true                           {product lp64_product} {ergonomic}
     bool UseG1GC                                  = true                                      {product} {ergonomic}
     bool UseLargePagesIndividualAllocation        = false                                  {pd product} {ergonomic}

Logging:
Log output configuration:
 #0: stdout all=warning uptime,level,tags foldmultilines=false
 #1: stderr all=off uptime,level,tags foldmultilines=false

Environment Variables:
JAVA_HOME=C:\Program Files\Java\jdk-19
PATH=C:\Program Files\Common Files\Oracle\Java\javapath;C:\WINDOWS\system32;C:\WINDOWS;C:\WINDOWS\System32\Wbem;C:\WINDOWS\System32\WindowsPowerShell\v1.0\;C:\WINDOWS\System32\OpenSSH\;C:\Program Files\Git\cmd;C:\Users\igorn\AppData\Local\Programs\Python\Python311\Scripts;C:\Program Files\nodejs\;C:\MinGW\bin;C:\Program Files\apache-maven-3.9.6\bin;C:\Program Files\Java\jdk-19\bin;;c:\Users\igorn\AppData\Local\Programs\cursor\resources\app\bin;C:\Program Files\starship\bin\;C:\Program Files\Docker\Docker\resources\bin;C:\Program Files\MySQL\MySQL Shell 8.0\bin\;C:\Users\igorn\AppData\Local\Programs\Python\Python311\Scripts\;C:\Users\igorn\AppData\Local\Programs\Python\Python311\;C:\Users\igorn\AppData\Local\Microsoft\WindowsApps;;C:\Users\igorn\AppData\Local\Programs\Microsoft VS Code\bin;C:\Users\igorn\AppData\Roaming\npm;C:\Program Files\JetBrains\IntelliJ IDEA 2023.2.4\bin;;C:\Users\igorn\AppData\Local\Programs\mongosh\
USERNAME=igorn
OS=Windows_NT
PROCESSOR_IDENTIFIER=Intel64 Family 6 Model 140 Stepping 1, GenuineIntel
TMP=C:\Users\igorn\AppData\Local\Temp
TEMP=C:\Users\igorn\AppData\Local\Temp



---------------  S Y S T E M  ---------------

OS:
 Windows 11 , 64 bit Build 22621 (10.0.22621.3672)
OS uptime: 0 days 0:56 hours
Hyper-V role detected

CPU: total 4 (initial active 4) (2 cores per cpu, 2 threads per core) family 6 model 140 stepping 1 microcode 0xaa, cx8, cmov, fxsr, ht, mmx, 3dnowpref, sse, sse2, sse3, ssse3, sse4.1, sse4.2, popcnt, lzcnt, tsc, tscinvbit, avx, avx2, aes, erms, clmul, bmi1, bmi2, adx, avx512f, avx512dq, avx512cd, avx512bw, avx512vl, sha, fma, vzeroupper, avx512_vpopcntdq, avx512_vpclmulqdq, avx512_vaes, avx512_vnni, clflush, clflushopt, clwb, avx512_vbmi2, avx512_vbmi, hv, rdtscp, rdpid, fsrm, gfni, avx512_bitalg

Memory: 4k page, system-wide physical 20263M (6620M free)
TotalPageFile size 20263M (AvailPageFile size 39M)
current process WorkingSet (physical memory assigned to process): 199M, peak: 232M
current process commit charge ("private bytes"): 238M, peak: 464M

vm_info: Java HotSpot(TM) 64-Bit Server VM (19.0.2+7-44) for windows-amd64 JRE (19.0.2+7-44), built on 2022-11-30T18:02:09Z by "mach5one" with MS VC++ 17.1 (VS2022)

END.
