#
# There is insufficient memory for the Java Runtime Environment to continue.
# Native memory allocation (malloc) failed to allocate 416096 bytes for Chunk::new
# Possible reasons:
#   The system is out of physical RAM or swap space
#   The process is running with CompressedOops enabled, and the Java Heap may be blocking the growth of the native heap
# Possible solutions:
#   Reduce memory load on the system
#   Increase physical memory or swap space
#   Check if swap backing store is full
#   Decrease Java heap size (-Xmx/-Xms)
#   Decrease number of Java threads
#   Decrease Java thread stack sizes (-Xss)
#   Set larger code cache with -XX:ReservedCodeCacheSize=
#   JVM is running with Zero Based Compressed Oops mode in which the Java heap is
#     placed in the first 32GB address space. The Java Heap base address is the
#     maximum limit for the native heap growth. Please use -XX:HeapBaseMinAddress
#     to set the Java Heap base and to place the Java Heap above 32GB virtual address.
# This output file may be truncated or incomplete.
#
#  Out of Memory Error (arena.cpp:184), pid=6324, tid=11656
#
# JRE version: Java(TM) SE Runtime Environment (19.0.2+7) (build 19.0.2+7-44)
# Java VM: Java HotSpot(TM) 64-Bit Server VM (19.0.2+7-44, mixed mode, sharing, tiered, compressed oops, compressed class ptrs, g1 gc, windows-amd64)
# No core dump will be written. Minidumps are not enabled by default on client versions of Windows
#

---------------  S U M M A R Y ------------

Command Line: -Dclassworlds.conf=C:\Program Files\apache-maven-3.9.6\bin\m2.conf -Dmaven.home=C:\Program Files\apache-maven-3.9.6 -Dlibrary.jansi.path=C:\Program Files\apache-maven-3.9.6\lib\jansi-native -Dmaven.multiModuleProjectDirectory=C:\Users\igorn\OneDrive\Documentos\Tads\DAC\bantads-backend\bantads-backend\auth org.codehaus.plexus.classworlds.launcher.Launcher clean package -DskipTests

Host: 11th Gen Intel(R) Core(TM) i3-1115G4 @ 3.00GHz, 4 cores, 19G,  Windows 11 , 64 bit Build 22621 (10.0.22621.3672)
Time: Thu Jun 13 23:37:43 2024 Hora oficial do Brasil elapsed time: 1.181670 seconds (0d 0h 0m 1s)

---------------  T H R E A D  ---------------

Current thread (0x000001b23f1c67a0):  JavaThread "C2 CompilerThread1" daemon [_thread_in_native, id=11656, stack(0x0000004a93400000,0x0000004a93500000)]


Current CompileTask:
C2:   1181 2686   !   4       java.net.URL::<init> (543 bytes)

Stack: [0x0000004a93400000,0x0000004a93500000]
Native frames: (J=compiled Java code, j=interpreted, Vv=VM code, C=native code)
V  [jvm.dll+0x6ee21a]
V  [jvm.dll+0x85765e]
V  [jvm.dll+0x85904e]
V  [jvm.dll+0x859703]
V  [jvm.dll+0x28298f]
V  [jvm.dll+0xc9adf]
V  [jvm.dll+0xc9e65]
V  [jvm.dll+0x2f7caf]
V  [jvm.dll+0x5f076b]
V  [jvm.dll+0x255483]
V  [jvm.dll+0x24dd00]
V  [jvm.dll+0x24b673]
V  [jvm.dll+0x1d6ce1]
V  [jvm.dll+0x25b25a]
V  [jvm.dll+0x2596e8]
V  [jvm.dll+0x807588]
V  [jvm.dll+0x80125a]
V  [jvm.dll+0x6ecf0b]
C  [ucrtbase.dll+0x29333]
C  [KERNEL32.DLL+0x1257d]
C  [ntdll.dll+0x5af28]


---------------  P R O C E S S  ---------------

Threads class SMR info:
_java_thread_list=0x000001b23f7cf510, length=13, elements={
0x000001b2159ac3a0, 0x000001b2386bfc00, 0x000001b2386c07d0, 0x000001b2386c7820,
0x000001b2386ca400, 0x000001b2386cad30, 0x000001b2386ceea0, 0x000001b2386d20c0,
0x000001b2386d2bd0, 0x000001b2386ddd20, 0x000001b23ed1b7a0, 0x000001b23ed225a0,
0x000001b23f1c67a0
}

Java Threads: ( => current thread )
  0x000001b2159ac3a0 JavaThread "main" [_thread_in_vm, id=14120, stack(0x0000004a91e00000,0x0000004a91f00000)]
  0x000001b2386bfc00 JavaThread "Reference Handler" daemon [_thread_blocked, id=11676, stack(0x0000004a92500000,0x0000004a92600000)]
  0x000001b2386c07d0 JavaThread "Finalizer" daemon [_thread_blocked, id=8616, stack(0x0000004a92600000,0x0000004a92700000)]
  0x000001b2386c7820 JavaThread "Signal Dispatcher" daemon [_thread_blocked, id=1660, stack(0x0000004a92700000,0x0000004a92800000)]
  0x000001b2386ca400 JavaThread "Attach Listener" daemon [_thread_blocked, id=14148, stack(0x0000004a92800000,0x0000004a92900000)]
  0x000001b2386cad30 JavaThread "Service Thread" daemon [_thread_blocked, id=14896, stack(0x0000004a92900000,0x0000004a92a00000)]
  0x000001b2386ceea0 JavaThread "Monitor Deflation Thread" daemon [_thread_blocked, id=4568, stack(0x0000004a92a00000,0x0000004a92b00000)]
  0x000001b2386d20c0 JavaThread "C2 CompilerThread0" daemon [_thread_blocked, id=928, stack(0x0000004a92b00000,0x0000004a92c00000)]
  0x000001b2386d2bd0 JavaThread "C1 CompilerThread0" daemon [_thread_blocked, id=6788, stack(0x0000004a92c00000,0x0000004a92d00000)]
  0x000001b2386ddd20 JavaThread "Sweeper thread" daemon [_thread_blocked, id=9836, stack(0x0000004a92d00000,0x0000004a92e00000)]
  0x000001b23ed1b7a0 JavaThread "Notification Thread" daemon [_thread_blocked, id=18576, stack(0x0000004a92e00000,0x0000004a92f00000)]
  0x000001b23ed225a0 JavaThread "Common-Cleaner" daemon [_thread_blocked, id=19672, stack(0x0000004a93000000,0x0000004a93100000)]
=>0x000001b23f1c67a0 JavaThread "C2 CompilerThread1" daemon [_thread_in_native, id=11656, stack(0x0000004a93400000,0x0000004a93500000)]

Other Threads:
  0x000001b2386a65c0 VMThread "VM Thread" [stack: 0x0000004a92400000,0x0000004a92500000] [id=10892]
  0x000001b23ed21920 WatcherThread "VM Periodic Task Thread" [stack: 0x0000004a92f00000,0x0000004a93000000] [id=12788]
  0x000001b238518a00 WorkerThread "GC Thread#0" [stack: 0x0000004a91f00000,0x0000004a92000000] [id=11700]
  0x000001b23ee48810 WorkerThread "GC Thread#1" [stack: 0x0000004a93100000,0x0000004a93200000] [id=2180]
  0x000001b23f1c2910 WorkerThread "GC Thread#2" [stack: 0x0000004a93200000,0x0000004a93300000] [id=1752]
  0x000001b23f1c2be0 WorkerThread "GC Thread#3" [stack: 0x0000004a93300000,0x0000004a93400000] [id=14204]
  0x000001b215a0a6e0 ConcurrentGCThread "G1 Main Marker" [stack: 0x0000004a92000000,0x0000004a92100000] [id=21364]
  0x000001b215a0de10 WorkerThread "G1 Conc#0" [stack: 0x0000004a92100000,0x0000004a92200000] [id=7788]
  0x000001b23855d680 ConcurrentGCThread "G1 Refine#0" [stack: 0x0000004a92200000,0x0000004a92300000] [id=5780]
  0x000001b23855fe80 ConcurrentGCThread "G1 Service" [stack: 0x0000004a92300000,0x0000004a92400000] [id=15916]

Threads with active compile tasks:
C2 CompilerThread1     1210 2686   !   4       java.net.URL::<init> (543 bytes)

VM state: not at safepoint (normal execution)

VM Mutex/Monitor currently owned by a thread: None

Heap address: 0x00000006c3400000, size: 5068 MB, Compressed Oops mode: Zero based, Oop shift amount: 3

CDS archive(s) mapped at: [0x0000000800000000-0x0000000800c40000-0x0000000800c40000), size 12845056, SharedBaseAddress: 0x0000000800000000, ArchiveRelocationMode: 0.
Compressed class space mapped at: 0x0000000801000000-0x0000000841000000, reserved size: 1073741824
Narrow klass base: 0x0000000800000000, Narrow klass shift: 0, Narrow klass range: 0x100000000

GC Precious Log:
 CardTable entry size: 512
 Card Set container configuration: InlinePtr #cards 4 size 8 Array Of Cards #cards 32 size 80 Howl #buckets 8 coarsen threshold 7372 Howl Bitmap #cards 1024 size 144 coarsen threshold 921 Card regions per heap region 1 cards per card region 8192
 CPUs: 4 total, 4 available
 Memory: 20263M
 Large Page Support: Disabled
 NUMA Support: Disabled
 Compressed Oops: Enabled (Zero based)
 Heap Region Size: 4M
 Heap Min Capacity: 8M
 Heap Initial Capacity: 320M
 Heap Max Capacity: 5068M
 Pre-touch: Disabled
 Parallel Workers: 4
 Concurrent Workers: 1
 Concurrent Refinement Workers: 4
 Periodic GC: Disabled

Heap:
 garbage-first heap   total 327680K, used 14464K [0x00000006c3400000, 0x0000000800000000)
  region size 4096K, 4 young (16384K), 1 survivors (4096K)
 Metaspace       used 14267K, committed 14464K, reserved 1114112K
  class space    used 1663K, committed 1792K, reserved 1048576K

Heap Regions: E=young(eden), S=young(survivor), O=old, HS=humongous(starts), HC=humongous(continues), CS=collection set, F=free, OA=open archive, CA=closed archive, TAMS=top-at-mark-start (previous, next)
|   0|0x00000006c3400000, 0x00000006c374b800, 0x00000006c3800000| 82%| O|  |TAMS 0x00000006c3400000, 0x00000006c3400000| Untracked 
|   1|0x00000006c3800000, 0x00000006c3800000, 0x00000006c3c00000|  0%| F|  |TAMS 0x00000006c3800000, 0x00000006c3800000| Untracked 
|   2|0x00000006c3c00000, 0x00000006c3c00000, 0x00000006c4000000|  0%| F|  |TAMS 0x00000006c3c00000, 0x00000006c3c00000| Untracked 
|   3|0x00000006c4000000, 0x00000006c4000000, 0x00000006c4400000|  0%| F|  |TAMS 0x00000006c4000000, 0x00000006c4000000| Untracked 
|   4|0x00000006c4400000, 0x00000006c4400000, 0x00000006c4800000|  0%| F|  |TAMS 0x00000006c4400000, 0x00000006c4400000| Untracked 
|   5|0x00000006c4800000, 0x00000006c4800000, 0x00000006c4c00000|  0%| F|  |TAMS 0x00000006c4800000, 0x00000006c4800000| Untracked 
|   6|0x00000006c4c00000, 0x00000006c4c00000, 0x00000006c5000000|  0%| F|  |TAMS 0x00000006c4c00000, 0x00000006c4c00000| Untracked 
|   7|0x00000006c5000000, 0x00000006c5000000, 0x00000006c5400000|  0%| F|  |TAMS 0x00000006c5000000, 0x00000006c5000000| Untracked 
|   8|0x00000006c5400000, 0x00000006c5400000, 0x00000006c5800000|  0%| F|  |TAMS 0x00000006c5400000, 0x00000006c5400000| Untracked 
|   9|0x00000006c5800000, 0x00000006c5800000, 0x00000006c5c00000|  0%| F|  |TAMS 0x00000006c5800000, 0x00000006c5800000| Untracked 
|  10|0x00000006c5c00000, 0x00000006c5c00000, 0x00000006c6000000|  0%| F|  |TAMS 0x00000006c5c00000, 0x00000006c5c00000| Untracked 
|  11|0x00000006c6000000, 0x00000006c6000000, 0x00000006c6400000|  0%| F|  |TAMS 0x00000006c6000000, 0x00000006c6000000| Untracked 
|  12|0x00000006c6400000, 0x00000006c6400000, 0x00000006c6800000|  0%| F|  |TAMS 0x00000006c6400000, 0x00000006c6400000| Untracked 
|  13|0x00000006c6800000, 0x00000006c6800000, 0x00000006c6c00000|  0%| F|  |TAMS 0x00000006c6800000, 0x00000006c6800000| Untracked 
|  14|0x00000006c6c00000, 0x00000006c6c00000, 0x00000006c7000000|  0%| F|  |TAMS 0x00000006c6c00000, 0x00000006c6c00000| Untracked 
|  15|0x00000006c7000000, 0x00000006c7000000, 0x00000006c7400000|  0%| F|  |TAMS 0x00000006c7000000, 0x00000006c7000000| Untracked 
|  16|0x00000006c7400000, 0x00000006c7400000, 0x00000006c7800000|  0%| F|  |TAMS 0x00000006c7400000, 0x00000006c7400000| Untracked 
|  17|0x00000006c7800000, 0x00000006c7800000, 0x00000006c7c00000|  0%| F|  |TAMS 0x00000006c7800000, 0x00000006c7800000| Untracked 
|  18|0x00000006c7c00000, 0x00000006c7c00000, 0x00000006c8000000|  0%| F|  |TAMS 0x00000006c7c00000, 0x00000006c7c00000| Untracked 
|  19|0x00000006c8000000, 0x00000006c8000000, 0x00000006c8400000|  0%| F|  |TAMS 0x00000006c8000000, 0x00000006c8000000| Untracked 
|  20|0x00000006c8400000, 0x00000006c8400000, 0x00000006c8800000|  0%| F|  |TAMS 0x00000006c8400000, 0x00000006c8400000| Untracked 
|  21|0x00000006c8800000, 0x00000006c8800000, 0x00000006c8c00000|  0%| F|  |TAMS 0x00000006c8800000, 0x00000006c8800000| Untracked 
|  22|0x00000006c8c00000, 0x00000006c8c00000, 0x00000006c9000000|  0%| F|  |TAMS 0x00000006c8c00000, 0x00000006c8c00000| Untracked 
|  23|0x00000006c9000000, 0x00000006c9000000, 0x00000006c9400000|  0%| F|  |TAMS 0x00000006c9000000, 0x00000006c9000000| Untracked 
|  24|0x00000006c9400000, 0x00000006c9400000, 0x00000006c9800000|  0%| F|  |TAMS 0x00000006c9400000, 0x00000006c9400000| Untracked 
|  25|0x00000006c9800000, 0x00000006c9800000, 0x00000006c9c00000|  0%| F|  |TAMS 0x00000006c9800000, 0x00000006c9800000| Untracked 
|  26|0x00000006c9c00000, 0x00000006c9c00000, 0x00000006ca000000|  0%| F|  |TAMS 0x00000006c9c00000, 0x00000006c9c00000| Untracked 
|  27|0x00000006ca000000, 0x00000006ca000000, 0x00000006ca400000|  0%| F|  |TAMS 0x00000006ca000000, 0x00000006ca000000| Untracked 
|  28|0x00000006ca400000, 0x00000006ca400000, 0x00000006ca800000|  0%| F|  |TAMS 0x00000006ca400000, 0x00000006ca400000| Untracked 
|  29|0x00000006ca800000, 0x00000006ca800000, 0x00000006cac00000|  0%| F|  |TAMS 0x00000006ca800000, 0x00000006ca800000| Untracked 
|  30|0x00000006cac00000, 0x00000006cac00000, 0x00000006cb000000|  0%| F|  |TAMS 0x00000006cac00000, 0x00000006cac00000| Untracked 
|  31|0x00000006cb000000, 0x00000006cb000000, 0x00000006cb400000|  0%| F|  |TAMS 0x00000006cb000000, 0x00000006cb000000| Untracked 
|  32|0x00000006cb400000, 0x00000006cb400000, 0x00000006cb800000|  0%| F|  |TAMS 0x00000006cb400000, 0x00000006cb400000| Untracked 
|  33|0x00000006cb800000, 0x00000006cb800000, 0x00000006cbc00000|  0%| F|  |TAMS 0x00000006cb800000, 0x00000006cb800000| Untracked 
|  34|0x00000006cbc00000, 0x00000006cbc00000, 0x00000006cc000000|  0%| F|  |TAMS 0x00000006cbc00000, 0x00000006cbc00000| Untracked 
|  35|0x00000006cc000000, 0x00000006cc000000, 0x00000006cc400000|  0%| F|  |TAMS 0x00000006cc000000, 0x00000006cc000000| Untracked 
|  36|0x00000006cc400000, 0x00000006cc400000, 0x00000006cc800000|  0%| F|  |TAMS 0x00000006cc400000, 0x00000006cc400000| Untracked 
|  37|0x00000006cc800000, 0x00000006cc800000, 0x00000006ccc00000|  0%| F|  |TAMS 0x00000006cc800000, 0x00000006cc800000| Untracked 
|  38|0x00000006ccc00000, 0x00000006ccc00000, 0x00000006cd000000|  0%| F|  |TAMS 0x00000006ccc00000, 0x00000006ccc00000| Untracked 
|  39|0x00000006cd000000, 0x00000006cd000000, 0x00000006cd400000|  0%| F|  |TAMS 0x00000006cd000000, 0x00000006cd000000| Untracked 
|  40|0x00000006cd400000, 0x00000006cd400000, 0x00000006cd800000|  0%| F|  |TAMS 0x00000006cd400000, 0x00000006cd400000| Untracked 
|  41|0x00000006cd800000, 0x00000006cd800000, 0x00000006cdc00000|  0%| F|  |TAMS 0x00000006cd800000, 0x00000006cd800000| Untracked 
|  42|0x00000006cdc00000, 0x00000006cdc00000, 0x00000006ce000000|  0%| F|  |TAMS 0x00000006cdc00000, 0x00000006cdc00000| Untracked 
|  43|0x00000006ce000000, 0x00000006ce000000, 0x00000006ce400000|  0%| F|  |TAMS 0x00000006ce000000, 0x00000006ce000000| Untracked 
|  44|0x00000006ce400000, 0x00000006ce400000, 0x00000006ce800000|  0%| F|  |TAMS 0x00000006ce400000, 0x00000006ce400000| Untracked 
|  45|0x00000006ce800000, 0x00000006ce800000, 0x00000006cec00000|  0%| F|  |TAMS 0x00000006ce800000, 0x00000006ce800000| Untracked 
|  46|0x00000006cec00000, 0x00000006cec00000, 0x00000006cf000000|  0%| F|  |TAMS 0x00000006cec00000, 0x00000006cec00000| Untracked 
|  47|0x00000006cf000000, 0x00000006cf000000, 0x00000006cf400000|  0%| F|  |TAMS 0x00000006cf000000, 0x00000006cf000000| Untracked 
|  48|0x00000006cf400000, 0x00000006cf400000, 0x00000006cf800000|  0%| F|  |TAMS 0x00000006cf400000, 0x00000006cf400000| Untracked 
|  49|0x00000006cf800000, 0x00000006cf800000, 0x00000006cfc00000|  0%| F|  |TAMS 0x00000006cf800000, 0x00000006cf800000| Untracked 
|  50|0x00000006cfc00000, 0x00000006cfc00000, 0x00000006d0000000|  0%| F|  |TAMS 0x00000006cfc00000, 0x00000006cfc00000| Untracked 
|  51|0x00000006d0000000, 0x00000006d0000000, 0x00000006d0400000|  0%| F|  |TAMS 0x00000006d0000000, 0x00000006d0000000| Untracked 
|  52|0x00000006d0400000, 0x00000006d0400000, 0x00000006d0800000|  0%| F|  |TAMS 0x00000006d0400000, 0x00000006d0400000| Untracked 
|  53|0x00000006d0800000, 0x00000006d0800000, 0x00000006d0c00000|  0%| F|  |TAMS 0x00000006d0800000, 0x00000006d0800000| Untracked 
|  54|0x00000006d0c00000, 0x00000006d0c00000, 0x00000006d1000000|  0%| F|  |TAMS 0x00000006d0c00000, 0x00000006d0c00000| Untracked 
|  55|0x00000006d1000000, 0x00000006d1000000, 0x00000006d1400000|  0%| F|  |TAMS 0x00000006d1000000, 0x00000006d1000000| Untracked 
|  56|0x00000006d1400000, 0x00000006d1400000, 0x00000006d1800000|  0%| F|  |TAMS 0x00000006d1400000, 0x00000006d1400000| Untracked 
|  57|0x00000006d1800000, 0x00000006d1800000, 0x00000006d1c00000|  0%| F|  |TAMS 0x00000006d1800000, 0x00000006d1800000| Untracked 
|  58|0x00000006d1c00000, 0x00000006d1c00000, 0x00000006d2000000|  0%| F|  |TAMS 0x00000006d1c00000, 0x00000006d1c00000| Untracked 
|  59|0x00000006d2000000, 0x00000006d2000000, 0x00000006d2400000|  0%| F|  |TAMS 0x00000006d2000000, 0x00000006d2000000| Untracked 
|  60|0x00000006d2400000, 0x00000006d2400000, 0x00000006d2800000|  0%| F|  |TAMS 0x00000006d2400000, 0x00000006d2400000| Untracked 
|  61|0x00000006d2800000, 0x00000006d2800000, 0x00000006d2c00000|  0%| F|  |TAMS 0x00000006d2800000, 0x00000006d2800000| Untracked 
|  62|0x00000006d2c00000, 0x00000006d2c00000, 0x00000006d3000000|  0%| F|  |TAMS 0x00000006d2c00000, 0x00000006d2c00000| Untracked 
|  63|0x00000006d3000000, 0x00000006d3000000, 0x00000006d3400000|  0%| F|  |TAMS 0x00000006d3000000, 0x00000006d3000000| Untracked 
|  64|0x00000006d3400000, 0x00000006d3400000, 0x00000006d3800000|  0%| F|  |TAMS 0x00000006d3400000, 0x00000006d3400000| Untracked 
|  65|0x00000006d3800000, 0x00000006d3800000, 0x00000006d3c00000|  0%| F|  |TAMS 0x00000006d3800000, 0x00000006d3800000| Untracked 
|  66|0x00000006d3c00000, 0x00000006d3c00000, 0x00000006d4000000|  0%| F|  |TAMS 0x00000006d3c00000, 0x00000006d3c00000| Untracked 
|  67|0x00000006d4000000, 0x00000006d4000000, 0x00000006d4400000|  0%| F|  |TAMS 0x00000006d4000000, 0x00000006d4000000| Untracked 
|  68|0x00000006d4400000, 0x00000006d4400000, 0x00000006d4800000|  0%| F|  |TAMS 0x00000006d4400000, 0x00000006d4400000| Untracked 
|  69|0x00000006d4800000, 0x00000006d4800000, 0x00000006d4c00000|  0%| F|  |TAMS 0x00000006d4800000, 0x00000006d4800000| Untracked 
|  70|0x00000006d4c00000, 0x00000006d4ed4b20, 0x00000006d5000000| 70%| S|CS|TAMS 0x00000006d4c00000, 0x00000006d4c00000| Complete 
|  71|0x00000006d5000000, 0x00000006d5000000, 0x00000006d5400000|  0%| F|  |TAMS 0x00000006d5000000, 0x00000006d5000000| Untracked 
|  72|0x00000006d5400000, 0x00000006d5400000, 0x00000006d5800000|  0%| F|  |TAMS 0x00000006d5400000, 0x00000006d5400000| Untracked 
|  73|0x00000006d5800000, 0x00000006d5800000, 0x00000006d5c00000|  0%| F|  |TAMS 0x00000006d5800000, 0x00000006d5800000| Untracked 
|  74|0x00000006d5c00000, 0x00000006d5c00000, 0x00000006d6000000|  0%| F|  |TAMS 0x00000006d5c00000, 0x00000006d5c00000| Untracked 
|  75|0x00000006d6000000, 0x00000006d6000000, 0x00000006d6400000|  0%| F|  |TAMS 0x00000006d6000000, 0x00000006d6000000| Untracked 
|  76|0x00000006d6400000, 0x00000006d6400000, 0x00000006d6800000|  0%| F|  |TAMS 0x00000006d6400000, 0x00000006d6400000| Untracked 
|  77|0x00000006d6800000, 0x00000006d6a84d28, 0x00000006d6c00000| 62%| E|  |TAMS 0x00000006d6800000, 0x00000006d6800000| Complete 
|  78|0x00000006d6c00000, 0x00000006d7000000, 0x00000006d7000000|100%| E|CS|TAMS 0x00000006d6c00000, 0x00000006d6c00000| Complete 
|  79|0x00000006d7000000, 0x00000006d7400000, 0x00000006d7400000|100%| E|CS|TAMS 0x00000006d7000000, 0x00000006d7000000| Complete 

Card table byte_map: [0x000001b22d2b0000,0x000001b22dca0000] _byte_map_base: 0x000001b229c96000

Marking Bits (Prev, Next): (CMBitMap*) 0x000001b2159fff60, (CMBitMap*) 0x000001b2159fffa0
 Prev Bits: [0x000001b22e690000, 0x000001b2335c0000)
 Next Bits: [0x000001b2335c0000, 0x000001b2384f0000)

Polling page: 0x000001b213880000

Metaspace:

Usage:
  Non-class:     12.34 MB used.
      Class:      1.63 MB used.
       Both:     13.97 MB used.

Virtual space:
  Non-class space:       64.00 MB reserved,      12.44 MB ( 19%) committed,  1 nodes.
      Class space:        1.00 GB reserved,       1.75 MB ( <1%) committed,  1 nodes.
             Both:        1.06 GB reserved,      14.19 MB (  1%) committed. 

Chunk freelists:
   Non-Class:  2.84 MB
       Class:  2.09 MB
        Both:  4.94 MB

MaxMetaspaceSize: unlimited
CompressedClassSpaceSize: 1.00 GB
Initial GC threshold: 21.00 MB
Current GC threshold: 21.00 MB
CDS: on
MetaspaceReclaimPolicy: balanced
 - commit_granule_bytes: 65536.
 - commit_granule_words: 8192.
 - virtual_space_node_default_size: 8388608.
 - enlarge_chunks_in_place: 1.
 - new_chunks_are_fully_committed: 0.
 - uncommit_free_chunks: 1.
 - use_allocation_guard: 0.


Internal statistics:

num_allocs_failed_limit: 0.
num_arena_births: 132.
num_arena_deaths: 0.
num_vsnodes_births: 2.
num_vsnodes_deaths: 0.
num_space_committed: 227.
num_space_uncommitted: 0.
num_chunks_returned_to_freelist: 0.
num_chunks_taken_from_freelist: 611.
num_chunk_merges: 0.
num_chunk_splits: 429.
num_chunks_enlarged: 352.
num_inconsistent_stats: 0.

CodeHeap 'non-profiled nmethods': size=120000Kb used=955Kb max_used=955Kb free=119044Kb
 bounds [0x000001b225390000, 0x000001b225600000, 0x000001b22c8c0000]
CodeHeap 'profiled nmethods': size=120000Kb used=5413Kb max_used=5413Kb free=114586Kb
 bounds [0x000001b21d8c0000, 0x000001b21de10000, 0x000001b224df0000]
CodeHeap 'non-nmethods': size=5760Kb used=1286Kb max_used=1302Kb free=4473Kb
 bounds [0x000001b224df0000, 0x000001b225060000, 0x000001b225390000]
 total_blobs=3206 nmethods=2722 adapters=394
 compilation: enabled
              stopped_count=0, restarted_count=0
 full_count=0

Compilation events (20 events):
Event: 1.159 Thread 0x000001b23f1c67a0 2685       4       org.codehaus.plexus.util.xml.pull.MXParser::isValidCodePoint (64 bytes)
Event: 1.159 Thread 0x000001b2386d20c0 nmethod 2684 0x000001b22547c210 code [0x000001b22547c380, 0x000001b22547c3f8]
Event: 1.160 Thread 0x000001b23f1c67a0 nmethod 2685 0x000001b22547c510 code [0x000001b22547c6a0, 0x000001b22547c758]
Event: 1.163 Thread 0x000001b23f1c67a0 2686   !   4       java.net.URL::<init> (543 bytes)
Event: 1.164 Thread 0x000001b2386d2bd0 2687       3       java.util.regex.Pattern$Slice::match (79 bytes)
Event: 1.164 Thread 0x000001b2386d2bd0 nmethod 2687 0x000001b21ddf9090 code [0x000001b21ddf9280, 0x000001b21ddf9738]
Event: 1.164 Thread 0x000001b2386d20c0 2689       4       java.lang.String::<init> (15 bytes)
Event: 1.164 Thread 0x000001b2386d2bd0 2688       3       org.codehaus.plexus.util.xml.pull.MXParser::more (106 bytes)
Event: 1.165 Thread 0x000001b2386d2bd0 nmethod 2688 0x000001b21ddf9910 code [0x000001b21ddf9b60, 0x000001b21ddfa268]
Event: 1.165 Thread 0x000001b2386d20c0 nmethod 2689 0x000001b22547c810 code [0x000001b22547c980, 0x000001b22547cad8]
Event: 1.167 Thread 0x000001b2386d2bd0 2690       3       java.lang.String::codePointAt (50 bytes)
Event: 1.167 Thread 0x000001b2386d2bd0 nmethod 2690 0x000001b21ddfa590 code [0x000001b21ddfa780, 0x000001b21ddfabe8]
Event: 1.167 Thread 0x000001b2386d2bd0 2691       3       java.util.WeakHashMap::<init> (124 bytes)
Event: 1.169 Thread 0x000001b2386d2bd0 nmethod 2691 0x000001b21ddfae10 code [0x000001b21ddfb200, 0x000001b21ddfced8]
Event: 1.169 Thread 0x000001b2386d2bd0 2692       3       java.util.WeakHashMap::newTable (5 bytes)
Event: 1.169 Thread 0x000001b2386d2bd0 nmethod 2692 0x000001b21ddfd890 code [0x000001b21ddfda20, 0x000001b21ddfdbd8]
Event: 1.170 Thread 0x000001b2386d20c0 2693       4       java.lang.String::<init> (99 bytes)
Event: 1.173 Thread 0x000001b2386d20c0 nmethod 2693 0x000001b22547cb90 code [0x000001b22547cd20, 0x000001b22547d1b8]
Event: 1.176 Thread 0x000001b2386d2bd0 2694       3       java.util.HashMap::<init> (8 bytes)
Event: 1.176 Thread 0x000001b2386d2bd0 nmethod 2694 0x000001b21ddfdc90 code [0x000001b21ddfde60, 0x000001b21ddfdfa8]

GC Heap History (6 events):
Event: 0.356 GC heap before
{Heap before GC invocations=0 (full 0):
 garbage-first heap   total 327680K, used 16384K [0x00000006c3400000, 0x0000000800000000)
  region size 4096K, 4 young (16384K), 0 survivors (0K)
 Metaspace       used 5058K, committed 5248K, reserved 1114112K
  class space    used 562K, committed 640K, reserved 1048576K
}
Event: 0.360 GC heap after
{Heap after GC invocations=1 (full 0):
 garbage-first heap   total 327680K, used 3479K [0x00000006c3400000, 0x0000000800000000)
  region size 4096K, 1 young (4096K), 1 survivors (4096K)
 Metaspace       used 5058K, committed 5248K, reserved 1114112K
  class space    used 562K, committed 640K, reserved 1048576K
}
Event: 0.521 GC heap before
{Heap before GC invocations=1 (full 0):
 garbage-first heap   total 327680K, used 15767K [0x00000006c3400000, 0x0000000800000000)
  region size 4096K, 4 young (16384K), 1 survivors (4096K)
 Metaspace       used 6318K, committed 6528K, reserved 1114112K
  class space    used 709K, committed 832K, reserved 1048576K
}
Event: 0.524 GC heap after
{Heap after GC invocations=2 (full 0):
 garbage-first heap   total 327680K, used 4168K [0x00000006c3400000, 0x0000000800000000)
  region size 4096K, 1 young (4096K), 1 survivors (4096K)
 Metaspace       used 6318K, committed 6528K, reserved 1114112K
  class space    used 709K, committed 832K, reserved 1048576K
}
Event: 1.012 GC heap before
{Heap before GC invocations=2 (full 0):
 garbage-first heap   total 327680K, used 36936K [0x00000006c3400000, 0x0000000800000000)
  region size 4096K, 9 young (36864K), 1 survivors (4096K)
 Metaspace       used 11918K, committed 12096K, reserved 1114112K
  class space    used 1401K, committed 1472K, reserved 1048576K
}
Event: 1.015 GC heap after
{Heap after GC invocations=3 (full 0):
 garbage-first heap   total 327680K, used 6272K [0x00000006c3400000, 0x0000000800000000)
  region size 4096K, 1 young (4096K), 1 survivors (4096K)
 Metaspace       used 11918K, committed 12096K, reserved 1114112K
  class space    used 1401K, committed 1472K, reserved 1048576K
}

Dll operation events (8 events):
Event: 0.005 Loaded shared library C:\Program Files\Java\jdk-19\bin\java.dll
Event: 0.012 Loaded shared library C:\Program Files\Java\jdk-19\bin\jsvml.dll
Event: 0.036 Loaded shared library C:\Program Files\Java\jdk-19\bin\net.dll
Event: 0.038 Loaded shared library C:\Program Files\Java\jdk-19\bin\nio.dll
Event: 0.040 Loaded shared library C:\Program Files\Java\jdk-19\bin\zip.dll
Event: 0.111 Loaded shared library C:\Program Files\Java\jdk-19\bin\jimage.dll
Event: 0.118 Loaded shared library C:\Program Files\apache-maven-3.9.6\lib\jansi-native\Windows\x86_64\jansi.dll
Event: 0.127 Loaded shared library C:\Program Files\Java\jdk-19\bin\verify.dll

Deoptimization events (20 events):
Event: 1.141 Thread 0x000001b2159ac3a0 Uncommon trap: trap_request=0xffffff45 fr.pc=0x000001b225449b44 relative=0x0000000000000ac4
Event: 1.141 Thread 0x000001b2159ac3a0 Uncommon trap: reason=unstable_if action=reinterpret pc=0x000001b225449b44 method=jdk.internal.org.objectweb.asm.SymbolTable.put(Ljdk/internal/org/objectweb/asm/SymbolTable$Entry;)Ljdk/internal/org/objectweb/asm/SymbolTable$Entry; @ 13 c2
Event: 1.141 Thread 0x000001b2159ac3a0 DEOPT PACKING pc=0x000001b225449b44 sp=0x0000004a91ef9830
Event: 1.141 Thread 0x000001b2159ac3a0 DEOPT UNPACKING pc=0x000001b224e5a5a3 sp=0x0000004a91ef9768 mode 2
Event: 1.152 Thread 0x000001b2159ac3a0 Uncommon trap: trap_request=0xffffff45 fr.pc=0x000001b225474d58 relative=0x0000000000000718
Event: 1.152 Thread 0x000001b2159ac3a0 Uncommon trap: reason=unstable_if action=reinterpret pc=0x000001b225474d58 method=org.eclipse.sisu.inject.InjectorBindings.isAssignableFrom(Lcom/google/inject/TypeLiteral;Lcom/google/inject/Binding;)Z @ 15 c2
Event: 1.152 Thread 0x000001b2159ac3a0 DEOPT PACKING pc=0x000001b225474d58 sp=0x0000004a91efde30
Event: 1.152 Thread 0x000001b2159ac3a0 DEOPT UNPACKING pc=0x000001b224e5a5a3 sp=0x0000004a91efddf0 mode 2
Event: 1.160 Thread 0x000001b2159ac3a0 Uncommon trap: trap_request=0xffffff45 fr.pc=0x000001b2253e7a34 relative=0x0000000000001d74
Event: 1.160 Thread 0x000001b2159ac3a0 Uncommon trap: reason=unstable_if action=reinterpret pc=0x000001b2253e7a34 method=sun.nio.cs.StreamDecoder.implRead([CII)I @ 36 c2
Event: 1.160 Thread 0x000001b2159ac3a0 DEOPT PACKING pc=0x000001b2253e7a34 sp=0x0000004a91efe860
Event: 1.160 Thread 0x000001b2159ac3a0 DEOPT UNPACKING pc=0x000001b224e5a5a3 sp=0x0000004a91efe7c8 mode 2
Event: 1.160 Thread 0x000001b2159ac3a0 Uncommon trap: trap_request=0xffffff45 fr.pc=0x000001b2253e3e24 relative=0x0000000000000844
Event: 1.160 Thread 0x000001b2159ac3a0 Uncommon trap: reason=unstable_if action=reinterpret pc=0x000001b2253e3e24 method=sun.nio.cs.StreamDecoder.implRead([CII)I @ 36 c2
Event: 1.160 Thread 0x000001b2159ac3a0 DEOPT PACKING pc=0x000001b2253e3e24 sp=0x0000004a91efe900
Event: 1.160 Thread 0x000001b2159ac3a0 DEOPT UNPACKING pc=0x000001b224e5a5a3 sp=0x0000004a91efe8e0 mode 2
Event: 1.160 Thread 0x000001b2159ac3a0 Uncommon trap: trap_request=0x000000e1 fr.pc=0x000001b2253dcde8 relative=0x00000000000000c8
Event: 1.160 Thread 0x000001b2159ac3a0 Uncommon trap: reason=unloaded action=reinterpret pc=0x000001b2253dcde8 method=org.codehaus.plexus.util.xml.pull.MXParser.more()C @ 22 c2
Event: 1.160 Thread 0x000001b2159ac3a0 DEOPT PACKING pc=0x000001b2253dcde8 sp=0x0000004a91efeb80
Event: 1.160 Thread 0x000001b2159ac3a0 DEOPT UNPACKING pc=0x000001b224e5a5a3 sp=0x0000004a91efeb20 mode 2

Classes loaded (20 events):
Event: 1.131 Loading class java/security/SecureRandomSpi done
Event: 1.131 Loading class sun/security/provider/DRBG done
Event: 1.131 Loading class java/security/DrbgParameters$Capability
Event: 1.131 Loading class java/security/DrbgParameters$Capability done
Event: 1.131 Loading class sun/security/provider/MoreDrbgParameters
Event: 1.131 Loading class sun/security/provider/MoreDrbgParameters done
Event: 1.131 Loading class java/security/DrbgParameters
Event: 1.131 Loading class java/security/DrbgParameters done
Event: 1.131 Loading class java/security/DrbgParameters$Instantiation
Event: 1.131 Loading class java/security/DrbgParameters$Instantiation done
Event: 1.131 Loading class sun/security/provider/HashDrbg
Event: 1.131 Loading class sun/security/provider/AbstractHashDrbg
Event: 1.131 Loading class sun/security/provider/AbstractDrbg
Event: 1.131 Loading class sun/security/provider/AbstractDrbg done
Event: 1.131 Loading class sun/security/provider/AbstractHashDrbg done
Event: 1.131 Loading class sun/security/provider/HashDrbg done
Event: 1.131 Loading class sun/security/provider/EntropySource
Event: 1.132 Loading class sun/security/provider/EntropySource done
Event: 1.164 Loading class java/lang/ProcessEnvironment$CheckedKeySet
Event: 1.164 Loading class java/lang/ProcessEnvironment$CheckedKeySet done

Classes unloaded (0 events):
No events

Classes redefined (0 events):
No events

Internal exceptions (20 events):
Event: 0.331 Thread 0x000001b2159ac3a0 Exception <a 'java/lang/NoSuchMethodError'{0x00000006d66acdb8}: 'int java.lang.invoke.DirectMethodHandle$Holder.invokeStatic(java.lang.Object, java.lang.Object, java.lang.Object, java.lang.Object)'> (0x00000006d66acdb8) 
thrown [s\open\src\hotspot\share\interpreter\linkResolver.cpp, line 774]
Event: 0.332 Thread 0x000001b2159ac3a0 Exception <a 'java/lang/NoSuchMethodError'{0x00000006d66b06f8}: 'java.lang.Object java.lang.invoke.Invokers$Holder.invokeExact_MT(java.lang.Object, java.lang.Object, java.lang.Object, java.lang.Object, java.lang.Object, java.lang.Object)'> (0x00000006d66b06f8) 
thrown [s\open\src\hotspot\share\interpreter\linkResolver.cpp, line 774]
Event: 0.334 Thread 0x000001b2159ac3a0 Exception <a 'java/lang/NoSuchMethodError'{0x00000006d66c1798}: 'int java.lang.invoke.DirectMethodHandle$Holder.invokeSpecialIFC(java.lang.Object, java.lang.Object, java.lang.Object, java.lang.Object, java.lang.Object)'> (0x00000006d66c1798) 
thrown [s\open\src\hotspot\share\interpreter\linkResolver.cpp, line 774]
Event: 0.366 Thread 0x000001b2159ac3a0 Exception <a 'java/lang/NoSuchMethodError'{0x00000006d7079a18}: 'java.lang.Object java.lang.invoke.DirectMethodHandle$Holder.newInvokeSpecial(java.lang.Object, java.lang.Object, java.lang.Object, java.lang.Object, java.lang.Object)'> (0x00000006d7079a18) 
thrown [s\open\src\hotspot\share\interpreter\linkResolver.cpp, line 774]
Event: 0.384 Thread 0x000001b2159ac3a0 Exception <a 'java/lang/NoSuchMethodError'{0x00000006d718fcd0}: 'int java.lang.invoke.DirectMethodHandle$Holder.invokeStaticInit(java.lang.Object, java.lang.Object)'> (0x00000006d718fcd0) 
thrown [s\open\src\hotspot\share\interpreter\linkResolver.cpp, line 774]
Event: 0.390 Thread 0x000001b2159ac3a0 Exception <a 'java/lang/NoClassDefFoundError'{0x00000006d71c47d0}: javax/enterprise/inject/Typed> (0x00000006d71c47d0) 
thrown [s\open\src\hotspot\share\classfile\systemDictionary.cpp, line 244]
Event: 0.885 Thread 0x000001b2159ac3a0 Exception <a 'java/lang/NoSuchMethodError'{0x00000006d5536998}: 'void java.lang.invoke.DirectMethodHandle$Holder.invokeStaticInit(java.lang.Object, java.lang.Object, java.lang.Object)'> (0x00000006d5536998) 
thrown [s\open\src\hotspot\share\interpreter\linkResolver.cpp, line 774]
Event: 0.888 Thread 0x000001b2159ac3a0 Exception <a 'java/lang/ExceptionInInitializerError'{0x00000006d555fe68}> (0x00000006d555fe68) 
thrown [s\open\src\hotspot\share\oops\instanceKlass.cpp, line 1168]
Event: 0.905 Thread 0x000001b2159ac3a0 Exception <a 'java/lang/NoSuchMethodError'{0x00000006d566bf58}: 'long java.lang.invoke.DirectMethodHandle$Holder.invokeStatic(java.lang.Object, java.lang.Object, int)'> (0x00000006d566bf58) 
thrown [s\open\src\hotspot\share\interpreter\linkResolver.cpp, line 774]
Event: 0.906 Thread 0x000001b2159ac3a0 Exception <a 'java/lang/NoSuchMethodError'{0x00000006d567f310}: 'java.lang.Object java.lang.invoke.DirectMethodHandle$Holder.invokeStatic(java.lang.Object, java.lang.Object, java.lang.Object, java.lang.Object, int)'> (0x00000006d567f310) 
thrown [s\open\src\hotspot\share\interpreter\linkResolver.cpp, line 774]
Event: 0.907 Thread 0x000001b2159ac3a0 Exception <a 'java/lang/NoSuchMethodError'{0x00000006d5687848}: 'java.lang.Object java.lang.invoke.DirectMethodHandle$Holder.invokeSpecial(java.lang.Object, java.lang.Object, java.lang.Object, java.lang.Object, long)'> (0x00000006d5687848) 
thrown [s\open\src\hotspot\share\interpreter\linkResolver.cpp, line 774]
Event: 0.908 Thread 0x000001b2159ac3a0 Exception <a 'java/lang/NoSuchMethodError'{0x00000006d5693b30}: 'java.lang.Object java.lang.invoke.DirectMethodHandle$Holder.invokeSpecial(java.lang.Object, java.lang.Object, java.lang.Object, int, java.lang.Object)'> (0x00000006d5693b30) 
thrown [s\open\src\hotspot\share\interpreter\linkResolver.cpp, line 774]
Event: 0.908 Thread 0x000001b2159ac3a0 Exception <a 'java/lang/NoSuchMethodError'{0x00000006d569c280}: 'int java.lang.invoke.DirectMethodHandle$Holder.invokeSpecial(java.lang.Object, java.lang.Object, java.lang.Object, int)'> (0x00000006d569c280) 
thrown [s\open\src\hotspot\share\interpreter\linkResolver.cpp, line 774]
Event: 0.910 Thread 0x000001b2159ac3a0 Implicit null exception at 0x000001b2254091af to 0x000001b225409310
Event: 0.912 Thread 0x000001b2159ac3a0 Exception <a 'java/lang/NoSuchMethodError'{0x00000006d56c1db0}: 'java.lang.Object java.lang.invoke.Invokers$Holder.invokeExact_MT(java.lang.Object, int, java.lang.Object)'> (0x00000006d56c1db0) 
thrown [s\open\src\hotspot\share\interpreter\linkResolver.cpp, line 774]
Event: 0.921 Thread 0x000001b2159ac3a0 Exception <a 'java/lang/NoSuchMethodError'{0x00000006d5734370}: 'void java.lang.invoke.DirectMethodHandle$Holder.invokeStatic(java.lang.Object, java.lang.Object)'> (0x00000006d5734370) 
thrown [s\open\src\hotspot\share\interpreter\linkResolver.cpp, line 774]
Event: 1.061 Thread 0x000001b2159ac3a0 Exception <a 'java/lang/NoSuchMethodError'{0x00000006d72e59a0}: 'void java.lang.invoke.Invokers$Holder.invokeExact_MT(java.lang.Object, java.lang.Object, java.lang.Object, java.lang.Object)'> (0x00000006d72e59a0) 
thrown [s\open\src\hotspot\share\interpreter\linkResolver.cpp, line 774]
Event: 1.075 Thread 0x000001b2159ac3a0 Exception <a 'java/lang/NoClassDefFoundError'{0x00000006d736efd0}: com/google/inject/servlet/ServletModuleTargetVisitor> (0x00000006d736efd0) 
thrown [s\open\src\hotspot\share\classfile\systemDictionary.cpp, line 244]
Event: 1.118 Thread 0x000001b2159ac3a0 Exception <a 'java/lang/NoSuchMethodError'{0x00000006d6d2d600}: 'void java.lang.invoke.DirectMethodHandle$Holder.invokeVirtual(java.lang.Object, java.lang.Object)'> (0x00000006d6d2d600) 
thrown [s\open\src\hotspot\share\interpreter\linkResolver.cpp, line 774]
Event: 1.132 Thread 0x000001b2159ac3a0 Exception <a 'java/lang/NoSuchMethodError'{0x00000006d6daace8}: 'java.lang.Object java.lang.invoke.DirectMethodHandle$Holder.invokeStaticInit(java.lang.Object, int, int, int, int)'> (0x00000006d6daace8) 
thrown [s\open\src\hotspot\share\interpreter\linkResolver.cpp, line 774]

VM Operations (20 events):
Event: 0.824 Executing VM operation: ICBufferFull
Event: 0.824 Executing VM operation: ICBufferFull done
Event: 0.892 Executing VM operation: HandshakeAllThreads
Event: 0.893 Executing VM operation: HandshakeAllThreads done
Event: 0.938 Executing VM operation: HandshakeAllThreads
Event: 0.938 Executing VM operation: HandshakeAllThreads done
Event: 0.939 Executing VM operation: HandshakeAllThreads
Event: 0.939 Executing VM operation: HandshakeAllThreads done
Event: 0.969 Executing VM operation: HandshakeAllThreads
Event: 0.969 Executing VM operation: HandshakeAllThreads done
Event: 1.012 Executing VM operation: G1CollectForAllocation
Event: 1.015 Executing VM operation: G1CollectForAllocation done
Event: 1.058 Executing VM operation: HandshakeAllThreads
Event: 1.058 Executing VM operation: HandshakeAllThreads done
Event: 1.125 Executing VM operation: HandshakeAllThreads
Event: 1.125 Executing VM operation: HandshakeAllThreads done
Event: 1.140 Executing VM operation: HandshakeAllThreads
Event: 1.140 Executing VM operation: HandshakeAllThreads done
Event: 1.160 Executing VM operation: HandshakeAllThreads
Event: 1.161 Executing VM operation: HandshakeAllThreads done

Events (13 events):
Event: 0.013 Thread 0x000001b2159ac3a0 Thread added: 0x000001b2159ac3a0
Event: 0.020 Thread 0x000001b2386bfc00 Thread added: 0x000001b2386bfc00
Event: 0.020 Thread 0x000001b2386c07d0 Thread added: 0x000001b2386c07d0
Event: 0.020 Thread 0x000001b2386c7820 Thread added: 0x000001b2386c7820
Event: 0.020 Thread 0x000001b2386ca400 Thread added: 0x000001b2386ca400
Event: 0.021 Thread 0x000001b2386cad30 Thread added: 0x000001b2386cad30
Event: 0.021 Thread 0x000001b2386ceea0 Thread added: 0x000001b2386ceea0
Event: 0.021 Thread 0x000001b2386d20c0 Thread added: 0x000001b2386d20c0
Event: 0.021 Thread 0x000001b2386d2bd0 Thread added: 0x000001b2386d2bd0
Event: 0.021 Thread 0x000001b2386ddd20 Thread added: 0x000001b2386ddd20
Event: 0.032 Thread 0x000001b23ed1b7a0 Thread added: 0x000001b23ed1b7a0
Event: 0.034 Thread 0x000001b23ed225a0 Thread added: 0x000001b23ed225a0
Event: 0.409 Thread 0x000001b23f1c67a0 Thread added: 0x000001b23f1c67a0


Dynamic libraries:
0x00007ff6f54c0000 - 0x00007ff6f54d0000 	C:\Program Files\Java\jdk-19\bin\java.exe
0x00007ff890e90000 - 0x00007ff8910a7000 	C:\WINDOWS\SYSTEM32\ntdll.dll
0x00007ff85b990000 - 0x00007ff85b9a9000 	C:\Program Files\Avast Software\Avast\aswhook.dll
0x00007ff890080000 - 0x00007ff890144000 	C:\WINDOWS\System32\KERNEL32.DLL
0x00007ff88e700000 - 0x00007ff88eaac000 	C:\WINDOWS\System32\KERNELBASE.dll
0x00007ff88eab0000 - 0x00007ff88ebc1000 	C:\WINDOWS\System32\ucrtbase.dll
0x00007ff85b8c0000 - 0x00007ff85b8d8000 	C:\Program Files\Java\jdk-19\bin\jli.dll
0x00007ff890820000 - 0x00007ff8908d2000 	C:\WINDOWS\System32\ADVAPI32.dll
0x00007ff88ebd0000 - 0x00007ff88ec77000 	C:\WINDOWS\System32\msvcrt.dll
0x00007ff88f9d0000 - 0x00007ff88fa7a000 	C:\WINDOWS\System32\sechost.dll
0x00007ff88e1c0000 - 0x00007ff88e1e8000 	C:\WINDOWS\System32\bcrypt.dll
0x00007ff88ec80000 - 0x00007ff88ed95000 	C:\WINDOWS\System32\RPCRT4.dll
0x00007ff8908e0000 - 0x00007ff890a8e000 	C:\WINDOWS\System32\USER32.dll
0x00007ff88e4f0000 - 0x00007ff88e516000 	C:\WINDOWS\System32\win32u.dll
0x00007ff88f910000 - 0x00007ff88f939000 	C:\WINDOWS\System32\GDI32.dll
0x00007ff88e330000 - 0x00007ff88e449000 	C:\WINDOWS\System32\gdi32full.dll
0x00007ff88e450000 - 0x00007ff88e4ea000 	C:\WINDOWS\System32\msvcp_win.dll
0x00007ff85b8a0000 - 0x00007ff85b8bb000 	C:\Program Files\Java\jdk-19\bin\VCRUNTIME140.dll
0x00007ff878e50000 - 0x00007ff8790e3000 	C:\WINDOWS\WinSxS\amd64_microsoft.windows.common-controls_6595b64144ccf1df_6.0.22621.3672_none_2713b9d173822955\COMCTL32.dll
0x00007ff874180000 - 0x00007ff87418a000 	C:\WINDOWS\SYSTEM32\VERSION.dll
0x00007ff890780000 - 0x00007ff8907b1000 	C:\WINDOWS\System32\IMM32.DLL
0x00007ff863ef0000 - 0x00007ff86400a000 	C:\Program Files\Topaz OFD\Warsaw\wslbscr64.dll
0x00007ff88f0b0000 - 0x00007ff88f90c000 	C:\WINDOWS\System32\SHELL32.dll
0x00007ff88d1f0000 - 0x00007ff88d224000 	C:\WINDOWS\SYSTEM32\ntmarta.dll
0x00007ff862990000 - 0x00007ff862a8a000 	C:\Program Files\Topaz OFD\Warsaw\wslbscrwh64.dll
0x00007ff85da10000 - 0x00007ff85da1c000 	C:\Program Files\Java\jdk-19\bin\vcruntime140_1.dll
0x00007ff85b660000 - 0x00007ff85b6ee000 	C:\Program Files\Java\jdk-19\bin\msvcp140.dll
0x00007ff856ee0000 - 0x00007ff857ba0000 	C:\Program Files\Java\jdk-19\bin\server\jvm.dll
0x00007ff874be0000 - 0x00007ff874be9000 	C:\WINDOWS\SYSTEM32\WSOCK32.dll
0x000001b213800000 - 0x000001b213871000 	C:\WINDOWS\System32\WS2_32.dll
0x00007ff884870000 - 0x00007ff8848a4000 	C:\WINDOWS\SYSTEM32\WINMM.dll
0x00007ff88d1d0000 - 0x00007ff88d1e8000 	C:\WINDOWS\SYSTEM32\kernel.appcore.dll
0x00007ff85b610000 - 0x00007ff85b61a000 	C:\Program Files\Java\jdk-19\bin\jimage.dll
0x00007ff88b9d0000 - 0x00007ff88bc02000 	C:\WINDOWS\SYSTEM32\DBGHELP.DLL
0x00007ff88fa80000 - 0x00007ff88fe08000 	C:\WINDOWS\System32\combase.dll
0x000001b215040000 - 0x000001b215117000 	C:\WINDOWS\System32\OLEAUT32.dll
0x00007ff87ce30000 - 0x00007ff87ce62000 	C:\WINDOWS\SYSTEM32\dbgcore.DLL
0x00007ff88e2b0000 - 0x00007ff88e32b000 	C:\WINDOWS\System32\bcryptPrimitives.dll
0x00007ff85b620000 - 0x00007ff85b646000 	C:\Program Files\Java\jdk-19\bin\java.dll
0x00007ff85b3f0000 - 0x00007ff85b4c7000 	C:\Program Files\Java\jdk-19\bin\jsvml.dll
0x00007ff88c0c0000 - 0x00007ff88c9b7000 	C:\WINDOWS\SYSTEM32\windows.storage.dll
0x00007ff88bf80000 - 0x00007ff88c0bf000 	C:\WINDOWS\SYSTEM32\wintypes.dll
0x00007ff8905f0000 - 0x00007ff8906e4000 	C:\WINDOWS\System32\SHCORE.dll
0x00007ff8907c0000 - 0x00007ff89081e000 	C:\WINDOWS\System32\shlwapi.dll
0x00007ff88e0f0000 - 0x00007ff88e111000 	C:\WINDOWS\SYSTEM32\profapi.dll
0x00007ff85aee0000 - 0x00007ff85aef3000 	C:\Program Files\Java\jdk-19\bin\net.dll
0x00007ff8879c0000 - 0x00007ff887af6000 	C:\WINDOWS\SYSTEM32\WINHTTP.dll
0x00007ff88d660000 - 0x00007ff88d6c9000 	C:\WINDOWS\system32\mswsock.dll
0x00007ff85aec0000 - 0x00007ff85aed6000 	C:\Program Files\Java\jdk-19\bin\nio.dll
0x00007ff85aea0000 - 0x00007ff85aeb8000 	C:\Program Files\Java\jdk-19\bin\zip.dll
0x0000000069ac0000 - 0x0000000069ae4000 	C:\Program Files\apache-maven-3.9.6\lib\jansi-native\Windows\x86_64\jansi.dll
0x00007ff854f30000 - 0x00007ff854f40000 	C:\Program Files\Java\jdk-19\bin\verify.dll

dbghelp: loaded successfully - version: 4.0.5 - missing functions: none
symbol engine: initialized successfully - sym options: 0x614 - pdb path: .;C:\Program Files\Java\jdk-19\bin;C:\WINDOWS\SYSTEM32;C:\Program Files\Avast Software\Avast;C:\WINDOWS\WinSxS\amd64_microsoft.windows.common-controls_6595b64144ccf1df_6.0.22621.3672_none_2713b9d173822955;C:\Program Files\Topaz OFD\Warsaw;C:\Program Files\Java\jdk-19\bin\server;C:\Program Files\apache-maven-3.9.6\lib\jansi-native\Windows\x86_64

VM Arguments:
jvm_args: -Dclassworlds.conf=C:\Program Files\apache-maven-3.9.6\bin\m2.conf -Dmaven.home=C:\Program Files\apache-maven-3.9.6 -Dlibrary.jansi.path=C:\Program Files\apache-maven-3.9.6\lib\jansi-native -Dmaven.multiModuleProjectDirectory=C:\Users\igorn\OneDrive\Documentos\Tads\DAC\bantads-backend\bantads-backend\auth 
java_command: org.codehaus.plexus.classworlds.launcher.Launcher clean package -DskipTests
java_class_path (initial): C:\Program Files\apache-maven-3.9.6\boot\plexus-classworlds-2.7.0.jar
Launcher Type: SUN_STANDARD

[Global flags]
     intx CICompilerCount                          = 3                                         {product} {ergonomic}
     uint ConcGCThreads                            = 1                                         {product} {ergonomic}
     uint G1ConcRefinementThreads                  = 4                                         {product} {ergonomic}
   size_t G1HeapRegionSize                         = 4194304                                   {product} {ergonomic}
    uintx GCDrainStackTargetSize                   = 64                                        {product} {ergonomic}
   size_t InitialHeapSize                          = 335544320                                 {product} {ergonomic}
   size_t MarkStackSize                            = 4194304                                   {product} {ergonomic}
   size_t MaxHeapSize                              = 5314183168                                {product} {ergonomic}
   size_t MaxNewSize                               = 3187671040                                {product} {ergonomic}
   size_t MinHeapDeltaBytes                        = 4194304                                   {product} {ergonomic}
   size_t MinHeapSize                              = 8388608                                   {product} {ergonomic}
    uintx NonNMethodCodeHeapSize                   = 5832780                                {pd product} {ergonomic}
    uintx NonProfiledCodeHeapSize                  = 122912730                              {pd product} {ergonomic}
    uintx ProfiledCodeHeapSize                     = 122912730                              {pd product} {ergonomic}
    uintx ReservedCodeCacheSize                    = 251658240                              {pd product} {ergonomic}
     bool SegmentedCodeCache                       = true                                      {product} {ergonomic}
   size_t SoftMaxHeapSize                          = 5314183168                             {manageable} {ergonomic}
     bool UseCompressedClassPointers               = true                           {product lp64_product} {ergonomic}
     bool UseCompressedOops                        = true                           {product lp64_product} {ergonomic}
     bool UseG1GC                                  = true                                      {product} {ergonomic}
     bool UseLargePagesIndividualAllocation        = false                                  {pd product} {ergonomic}

Logging:
Log output configuration:
 #0: stdout all=warning uptime,level,tags foldmultilines=false
 #1: stderr all=off uptime,level,tags foldmultilines=false

Environment Variables:
JAVA_HOME=C:\Program Files\Java\jdk-19
PATH=C:\Program Files\Common Files\Oracle\Java\javapath;C:\WINDOWS\system32;C:\WINDOWS;C:\WINDOWS\System32\Wbem;C:\WINDOWS\System32\WindowsPowerShell\v1.0\;C:\WINDOWS\System32\OpenSSH\;C:\Program Files\Git\cmd;C:\Users\igorn\AppData\Local\Programs\Python\Python311\Scripts;C:\Program Files\nodejs\;C:\MinGW\bin;C:\Program Files\apache-maven-3.9.6\bin;C:\Program Files\Java\jdk-19\bin;;c:\Users\igorn\AppData\Local\Programs\cursor\resources\app\bin;C:\Program Files\starship\bin\;C:\Program Files\Docker\Docker\resources\bin;C:\Program Files\MySQL\MySQL Shell 8.0\bin\;C:\Users\igorn\AppData\Local\Programs\Python\Python311\Scripts\;C:\Users\igorn\AppData\Local\Programs\Python\Python311\;C:\Users\igorn\AppData\Local\Microsoft\WindowsApps;;C:\Users\igorn\AppData\Local\Programs\Microsoft VS Code\bin;C:\Users\igorn\AppData\Roaming\npm;C:\Program Files\JetBrains\IntelliJ IDEA 2023.2.4\bin;;C:\Users\igorn\AppData\Local\Programs\mongosh\
USERNAME=igorn
OS=Windows_NT
PROCESSOR_IDENTIFIER=Intel64 Family 6 Model 140 Stepping 1, GenuineIntel
TMP=C:\Users\igorn\AppData\Local\Temp
TEMP=C:\Users\igorn\AppData\Local\Temp



---------------  S Y S T E M  ---------------

OS:
 Windows 11 , 64 bit Build 22621 (10.0.22621.3672)
OS uptime: 0 days 9:45 hours
Hyper-V role detected

CPU: total 4 (initial active 4) (2 cores per cpu, 2 threads per core) family 6 model 140 stepping 1 microcode 0xaa, cx8, cmov, fxsr, ht, mmx, 3dnowpref, sse, sse2, sse3, ssse3, sse4.1, sse4.2, popcnt, lzcnt, tsc, tscinvbit, avx, avx2, aes, erms, clmul, bmi1, bmi2, adx, avx512f, avx512dq, avx512cd, avx512bw, avx512vl, sha, fma, vzeroupper, avx512_vpopcntdq, avx512_vpclmulqdq, avx512_vaes, avx512_vnni, clflush, clflushopt, clwb, avx512_vbmi2, avx512_vbmi, hv, rdtscp, rdpid, fsrm, gfni, avx512_bitalg

Memory: 4k page, system-wide physical 20263M (6493M free)
TotalPageFile size 20263M (AvailPageFile size 4M)
current process WorkingSet (physical memory assigned to process): 118M, peak: 118M
current process commit charge ("private bytes"): 438M, peak: 438M

vm_info: Java HotSpot(TM) 64-Bit Server VM (19.0.2+7-44) for windows-amd64 JRE (19.0.2+7-44), built on 2022-11-30T18:02:09Z by "mach5one" with MS VC++ 17.1 (VS2022)

END.
